{"numFailedTestSuites":6,"numFailedTests":17,"numPassedTestSuites":13,"numPassedTests":71,"numPendingTestSuites":0,"numPendingTests":0,"numRuntimeErrorTestSuites":0,"numTodoTests":0,"numTotalTestSuites":19,"numTotalTests":88,"openHandles":[],"snapshot":{"added":0,"didUpdate":false,"failure":false,"filesAdded":0,"filesRemoved":0,"filesRemovedList":[],"filesUnmatched":0,"filesUpdated":0,"matched":0,"total":0,"unchecked":0,"uncheckedKeysByFile":[],"unmatched":0,"updated":0},"startTime":1771703832742,"success":false,"testResults":[{"assertionResults":[{"ancestorTitles":["AnalyticsService"],"duration":29,"failing":false,"failureDetails":[{"type":"AnalyticsService","context":{"index":0,"dependencies":["VisitRepository","UserRepository"],"name":"VisitRepository"},"metadata":{"id":"c894cfe9c36f550a93fd3"},"moduleRef":{"id":"04c99e0f82c894cfe9c36"}}],"failureMessages":["Error: Nest can't resolve dependencies of the AnalyticsService (?, UserRepository). Please make sure that the argument \"VisitRepository\" at index [0] is available in the RootTestModule context.\n\nPotential solutions:\n- Is RootTestModule a valid NestJS module?\n- If \"VisitRepository\" is a provider, is it part of the current RootTestModule?\n- If \"VisitRepository\" is exported from a separate @Module, is that module imported within RootTestModule?\n  @Module({\n    imports: [ /* the Module containing \"VisitRepository\" */ ]\n  })\n\nFor more common dependency resolution issues, see: https://docs.nestjs.com/faq/common-errors\n    at TestingInjector.lookupComponentInParentModules (C:\\Users\\Azeem\\Documents\\github\\Mcom\\vemtap-workspace\\node_modules\\.pnpm\\@nestjs+core@11.1.14_@nestj_488fcd591e5c2c52e06716874218c4c2\\node_modules\\@nestjs\\core\\injector\\injector.js:290:19)\n    at processTicksAndRejections (node:internal/process/task_queues:105:5)\n    at TestingInjector.resolveComponentWrapper (C:\\Users\\Azeem\\Documents\\github\\Mcom\\vemtap-workspace\\node_modules\\.pnpm\\@nestjs+testing@11.1.14_@ne_3c12c068d6af4247d49797d76634c0bc\\node_modules\\@nestjs\\testing\\testing-injector.js:19:45)\n    at resolveParam (C:\\Users\\Azeem\\Documents\\github\\Mcom\\vemtap-workspace\\node_modules\\.pnpm\\@nestjs+core@11.1.14_@nestj_488fcd591e5c2c52e06716874218c4c2\\node_modules\\@nestjs\\core\\injector\\injector.js:140:38)\n    at async Promise.all (index 0)\n    at TestingInjector.resolveConstructorParams (C:\\Users\\Azeem\\Documents\\github\\Mcom\\vemtap-workspace\\node_modules\\.pnpm\\@nestjs+core@11.1.14_@nestj_488fcd591e5c2c52e06716874218c4c2\\node_modules\\@nestjs\\core\\injector\\injector.js:169:27)\n    at TestingInjector.loadInstance (C:\\Users\\Azeem\\Documents\\github\\Mcom\\vemtap-workspace\\node_modules\\.pnpm\\@nestjs+core@11.1.14_@nestj_488fcd591e5c2c52e06716874218c4c2\\node_modules\\@nestjs\\core\\injector\\injector.js:75:13)\n    at TestingInjector.loadProvider (C:\\Users\\Azeem\\Documents\\github\\Mcom\\vemtap-workspace\\node_modules\\.pnpm\\@nestjs+core@11.1.14_@nestj_488fcd591e5c2c52e06716874218c4c2\\node_modules\\@nestjs\\core\\injector\\injector.js:103:9)\n    at C:\\Users\\Azeem\\Documents\\github\\Mcom\\vemtap-workspace\\node_modules\\.pnpm\\@nestjs+core@11.1.14_@nestj_488fcd591e5c2c52e06716874218c4c2\\node_modules\\@nestjs\\core\\injector\\instance-loader.js:56:13\n    at async Promise.all (index 3)\n    at TestingInstanceLoader.createInstancesOfProviders (C:\\Users\\Azeem\\Documents\\github\\Mcom\\vemtap-workspace\\node_modules\\.pnpm\\@nestjs+core@11.1.14_@nestj_488fcd591e5c2c52e06716874218c4c2\\node_modules\\@nestjs\\core\\injector\\instance-loader.js:55:9)\n    at C:\\Users\\Azeem\\Documents\\github\\Mcom\\vemtap-workspace\\node_modules\\.pnpm\\@nestjs+core@11.1.14_@nestj_488fcd591e5c2c52e06716874218c4c2\\node_modules\\@nestjs\\core\\injector\\instance-loader.js:40:13\n    at async Promise.all (index 1)\n    at TestingInstanceLoader.createInstances (C:\\Users\\Azeem\\Documents\\github\\Mcom\\vemtap-workspace\\node_modules\\.pnpm\\@nestjs+core@11.1.14_@nestj_488fcd591e5c2c52e06716874218c4c2\\node_modules\\@nestjs\\core\\injector\\instance-loader.js:39:9)\n    at TestingInstanceLoader.createInstancesOfDependencies (C:\\Users\\Azeem\\Documents\\github\\Mcom\\vemtap-workspace\\node_modules\\.pnpm\\@nestjs+core@11.1.14_@nestj_488fcd591e5c2c52e06716874218c4c2\\node_modules\\@nestjs\\core\\injector\\instance-loader.js:22:13)\n    at TestingInstanceLoader.createInstancesOfDependencies (C:\\Users\\Azeem\\Documents\\github\\Mcom\\vemtap-workspace\\node_modules\\.pnpm\\@nestjs+testing@11.1.14_@ne_3c12c068d6af4247d49797d76634c0bc\\node_modules\\@nestjs\\testing\\testing-instance-loader.js:9:9)\n    at TestingModuleBuilder.createInstancesOfDependencies (C:\\Users\\Azeem\\Documents\\github\\Mcom\\vemtap-workspace\\node_modules\\.pnpm\\@nestjs+testing@11.1.14_@ne_3c12c068d6af4247d49797d76634c0bc\\node_modules\\@nestjs\\testing\\testing-module.builder.js:118:9)\n    at TestingModuleBuilder.compile (C:\\Users\\Azeem\\Documents\\github\\Mcom\\vemtap-workspace\\node_modules\\.pnpm\\@nestjs+testing@11.1.14_@ne_3c12c068d6af4247d49797d76634c0bc\\node_modules\\@nestjs\\testing\\testing-module.builder.js:74:9)\n    at Object.<anonymous> (C:\\Users\\Azeem\\Documents\\github\\Mcom\\vemtap-workspace\\apps\\backend\\src\\modules\\analytics\\analytics.service.spec.ts:8:39)"],"fullName":"AnalyticsService should be defined","invocations":1,"location":null,"numPassingAsserts":0,"retryReasons":[],"startAt":1771703837438,"status":"failed","title":"should be defined"},{"ancestorTitles":["AnalyticsService","getDashboardAnalytics"],"duration":9,"failing":false,"failureDetails":[{"type":"AnalyticsService","context":{"index":0,"dependencies":["VisitRepository","UserRepository"],"name":"VisitRepository"},"metadata":{"id":"9c6c8d0c6a19077dfb683"},"moduleRef":{"id":"f550a93fd39c6c8d0c6a1"}}],"failureMessages":["Error: Nest can't resolve dependencies of the AnalyticsService (?, UserRepository). Please make sure that the argument \"VisitRepository\" at index [0] is available in the RootTestModule context.\n\nPotential solutions:\n- Is RootTestModule a valid NestJS module?\n- If \"VisitRepository\" is a provider, is it part of the current RootTestModule?\n- If \"VisitRepository\" is exported from a separate @Module, is that module imported within RootTestModule?\n  @Module({\n    imports: [ /* the Module containing \"VisitRepository\" */ ]\n  })\n\nFor more common dependency resolution issues, see: https://docs.nestjs.com/faq/common-errors\n    at TestingInjector.lookupComponentInParentModules (C:\\Users\\Azeem\\Documents\\github\\Mcom\\vemtap-workspace\\node_modules\\.pnpm\\@nestjs+core@11.1.14_@nestj_488fcd591e5c2c52e06716874218c4c2\\node_modules\\@nestjs\\core\\injector\\injector.js:290:19)\n    at processTicksAndRejections (node:internal/process/task_queues:105:5)\n    at TestingInjector.resolveComponentWrapper (C:\\Users\\Azeem\\Documents\\github\\Mcom\\vemtap-workspace\\node_modules\\.pnpm\\@nestjs+testing@11.1.14_@ne_3c12c068d6af4247d49797d76634c0bc\\node_modules\\@nestjs\\testing\\testing-injector.js:19:45)\n    at resolveParam (C:\\Users\\Azeem\\Documents\\github\\Mcom\\vemtap-workspace\\node_modules\\.pnpm\\@nestjs+core@11.1.14_@nestj_488fcd591e5c2c52e06716874218c4c2\\node_modules\\@nestjs\\core\\injector\\injector.js:140:38)\n    at async Promise.all (index 0)\n    at TestingInjector.resolveConstructorParams (C:\\Users\\Azeem\\Documents\\github\\Mcom\\vemtap-workspace\\node_modules\\.pnpm\\@nestjs+core@11.1.14_@nestj_488fcd591e5c2c52e06716874218c4c2\\node_modules\\@nestjs\\core\\injector\\injector.js:169:27)\n    at TestingInjector.loadInstance (C:\\Users\\Azeem\\Documents\\github\\Mcom\\vemtap-workspace\\node_modules\\.pnpm\\@nestjs+core@11.1.14_@nestj_488fcd591e5c2c52e06716874218c4c2\\node_modules\\@nestjs\\core\\injector\\injector.js:75:13)\n    at TestingInjector.loadProvider (C:\\Users\\Azeem\\Documents\\github\\Mcom\\vemtap-workspace\\node_modules\\.pnpm\\@nestjs+core@11.1.14_@nestj_488fcd591e5c2c52e06716874218c4c2\\node_modules\\@nestjs\\core\\injector\\injector.js:103:9)\n    at C:\\Users\\Azeem\\Documents\\github\\Mcom\\vemtap-workspace\\node_modules\\.pnpm\\@nestjs+core@11.1.14_@nestj_488fcd591e5c2c52e06716874218c4c2\\node_modules\\@nestjs\\core\\injector\\instance-loader.js:56:13\n    at async Promise.all (index 3)\n    at TestingInstanceLoader.createInstancesOfProviders (C:\\Users\\Azeem\\Documents\\github\\Mcom\\vemtap-workspace\\node_modules\\.pnpm\\@nestjs+core@11.1.14_@nestj_488fcd591e5c2c52e06716874218c4c2\\node_modules\\@nestjs\\core\\injector\\instance-loader.js:55:9)\n    at C:\\Users\\Azeem\\Documents\\github\\Mcom\\vemtap-workspace\\node_modules\\.pnpm\\@nestjs+core@11.1.14_@nestj_488fcd591e5c2c52e06716874218c4c2\\node_modules\\@nestjs\\core\\injector\\instance-loader.js:40:13\n    at async Promise.all (index 1)\n    at TestingInstanceLoader.createInstances (C:\\Users\\Azeem\\Documents\\github\\Mcom\\vemtap-workspace\\node_modules\\.pnpm\\@nestjs+core@11.1.14_@nestj_488fcd591e5c2c52e06716874218c4c2\\node_modules\\@nestjs\\core\\injector\\instance-loader.js:39:9)\n    at TestingInstanceLoader.createInstancesOfDependencies (C:\\Users\\Azeem\\Documents\\github\\Mcom\\vemtap-workspace\\node_modules\\.pnpm\\@nestjs+core@11.1.14_@nestj_488fcd591e5c2c52e06716874218c4c2\\node_modules\\@nestjs\\core\\injector\\instance-loader.js:22:13)\n    at TestingInstanceLoader.createInstancesOfDependencies (C:\\Users\\Azeem\\Documents\\github\\Mcom\\vemtap-workspace\\node_modules\\.pnpm\\@nestjs+testing@11.1.14_@ne_3c12c068d6af4247d49797d76634c0bc\\node_modules\\@nestjs\\testing\\testing-instance-loader.js:9:9)\n    at TestingModuleBuilder.createInstancesOfDependencies (C:\\Users\\Azeem\\Documents\\github\\Mcom\\vemtap-workspace\\node_modules\\.pnpm\\@nestjs+testing@11.1.14_@ne_3c12c068d6af4247d49797d76634c0bc\\node_modules\\@nestjs\\testing\\testing-module.builder.js:118:9)\n    at TestingModuleBuilder.compile (C:\\Users\\Azeem\\Documents\\github\\Mcom\\vemtap-workspace\\node_modules\\.pnpm\\@nestjs+testing@11.1.14_@ne_3c12c068d6af4247d49797d76634c0bc\\node_modules\\@nestjs\\testing\\testing-module.builder.js:74:9)\n    at Object.<anonymous> (C:\\Users\\Azeem\\Documents\\github\\Mcom\\vemtap-workspace\\apps\\backend\\src\\modules\\analytics\\analytics.service.spec.ts:8:39)"],"fullName":"AnalyticsService getDashboardAnalytics should return dashboard analytics data","invocations":1,"location":null,"numPassingAsserts":0,"retryReasons":[],"startAt":1771703837483,"status":"failed","title":"should return dashboard analytics data"},{"ancestorTitles":["AnalyticsService","getFootfallAnalytics"],"duration":8,"failing":false,"failureDetails":[{"type":"AnalyticsService","context":{"index":0,"dependencies":["VisitRepository","UserRepository"],"name":"VisitRepository"},"metadata":{"id":"877d1364f0e4297e4258f"},"moduleRef":{"id":"9077dfb683877d1364f0e"}}],"failureMessages":["Error: Nest can't resolve dependencies of the AnalyticsService (?, UserRepository). Please make sure that the argument \"VisitRepository\" at index [0] is available in the RootTestModule context.\n\nPotential solutions:\n- Is RootTestModule a valid NestJS module?\n- If \"VisitRepository\" is a provider, is it part of the current RootTestModule?\n- If \"VisitRepository\" is exported from a separate @Module, is that module imported within RootTestModule?\n  @Module({\n    imports: [ /* the Module containing \"VisitRepository\" */ ]\n  })\n\nFor more common dependency resolution issues, see: https://docs.nestjs.com/faq/common-errors\n    at TestingInjector.lookupComponentInParentModules (C:\\Users\\Azeem\\Documents\\github\\Mcom\\vemtap-workspace\\node_modules\\.pnpm\\@nestjs+core@11.1.14_@nestj_488fcd591e5c2c52e06716874218c4c2\\node_modules\\@nestjs\\core\\injector\\injector.js:290:19)\n    at processTicksAndRejections (node:internal/process/task_queues:105:5)\n    at TestingInjector.resolveComponentWrapper (C:\\Users\\Azeem\\Documents\\github\\Mcom\\vemtap-workspace\\node_modules\\.pnpm\\@nestjs+testing@11.1.14_@ne_3c12c068d6af4247d49797d76634c0bc\\node_modules\\@nestjs\\testing\\testing-injector.js:19:45)\n    at resolveParam (C:\\Users\\Azeem\\Documents\\github\\Mcom\\vemtap-workspace\\node_modules\\.pnpm\\@nestjs+core@11.1.14_@nestj_488fcd591e5c2c52e06716874218c4c2\\node_modules\\@nestjs\\core\\injector\\injector.js:140:38)\n    at async Promise.all (index 0)\n    at TestingInjector.resolveConstructorParams (C:\\Users\\Azeem\\Documents\\github\\Mcom\\vemtap-workspace\\node_modules\\.pnpm\\@nestjs+core@11.1.14_@nestj_488fcd591e5c2c52e06716874218c4c2\\node_modules\\@nestjs\\core\\injector\\injector.js:169:27)\n    at TestingInjector.loadInstance (C:\\Users\\Azeem\\Documents\\github\\Mcom\\vemtap-workspace\\node_modules\\.pnpm\\@nestjs+core@11.1.14_@nestj_488fcd591e5c2c52e06716874218c4c2\\node_modules\\@nestjs\\core\\injector\\injector.js:75:13)\n    at TestingInjector.loadProvider (C:\\Users\\Azeem\\Documents\\github\\Mcom\\vemtap-workspace\\node_modules\\.pnpm\\@nestjs+core@11.1.14_@nestj_488fcd591e5c2c52e06716874218c4c2\\node_modules\\@nestjs\\core\\injector\\injector.js:103:9)\n    at C:\\Users\\Azeem\\Documents\\github\\Mcom\\vemtap-workspace\\node_modules\\.pnpm\\@nestjs+core@11.1.14_@nestj_488fcd591e5c2c52e06716874218c4c2\\node_modules\\@nestjs\\core\\injector\\instance-loader.js:56:13\n    at async Promise.all (index 3)\n    at TestingInstanceLoader.createInstancesOfProviders (C:\\Users\\Azeem\\Documents\\github\\Mcom\\vemtap-workspace\\node_modules\\.pnpm\\@nestjs+core@11.1.14_@nestj_488fcd591e5c2c52e06716874218c4c2\\node_modules\\@nestjs\\core\\injector\\instance-loader.js:55:9)\n    at C:\\Users\\Azeem\\Documents\\github\\Mcom\\vemtap-workspace\\node_modules\\.pnpm\\@nestjs+core@11.1.14_@nestj_488fcd591e5c2c52e06716874218c4c2\\node_modules\\@nestjs\\core\\injector\\instance-loader.js:40:13\n    at async Promise.all (index 1)\n    at TestingInstanceLoader.createInstances (C:\\Users\\Azeem\\Documents\\github\\Mcom\\vemtap-workspace\\node_modules\\.pnpm\\@nestjs+core@11.1.14_@nestj_488fcd591e5c2c52e06716874218c4c2\\node_modules\\@nestjs\\core\\injector\\instance-loader.js:39:9)\n    at TestingInstanceLoader.createInstancesOfDependencies (C:\\Users\\Azeem\\Documents\\github\\Mcom\\vemtap-workspace\\node_modules\\.pnpm\\@nestjs+core@11.1.14_@nestj_488fcd591e5c2c52e06716874218c4c2\\node_modules\\@nestjs\\core\\injector\\instance-loader.js:22:13)\n    at TestingInstanceLoader.createInstancesOfDependencies (C:\\Users\\Azeem\\Documents\\github\\Mcom\\vemtap-workspace\\node_modules\\.pnpm\\@nestjs+testing@11.1.14_@ne_3c12c068d6af4247d49797d76634c0bc\\node_modules\\@nestjs\\testing\\testing-instance-loader.js:9:9)\n    at TestingModuleBuilder.createInstancesOfDependencies (C:\\Users\\Azeem\\Documents\\github\\Mcom\\vemtap-workspace\\node_modules\\.pnpm\\@nestjs+testing@11.1.14_@ne_3c12c068d6af4247d49797d76634c0bc\\node_modules\\@nestjs\\testing\\testing-module.builder.js:118:9)\n    at TestingModuleBuilder.compile (C:\\Users\\Azeem\\Documents\\github\\Mcom\\vemtap-workspace\\node_modules\\.pnpm\\@nestjs+testing@11.1.14_@ne_3c12c068d6af4247d49797d76634c0bc\\node_modules\\@nestjs\\testing\\testing-module.builder.js:74:9)\n    at Object.<anonymous> (C:\\Users\\Azeem\\Documents\\github\\Mcom\\vemtap-workspace\\apps\\backend\\src\\modules\\analytics\\analytics.service.spec.ts:8:39)"],"fullName":"AnalyticsService getFootfallAnalytics should return footfall analytics data","invocations":1,"location":null,"numPassingAsserts":0,"retryReasons":[],"startAt":1771703837497,"status":"failed","title":"should return footfall analytics data"},{"ancestorTitles":["AnalyticsService","getPeakTimesAnalytics"],"duration":12,"failing":false,"failureDetails":[{"type":"AnalyticsService","context":{"index":0,"dependencies":["VisitRepository","UserRepository"],"name":"VisitRepository"},"metadata":{"id":"52716a00309432e772e97"},"moduleRef":{"id":"4297e4258f52716a00309"}}],"failureMessages":["Error: Nest can't resolve dependencies of the AnalyticsService (?, UserRepository). Please make sure that the argument \"VisitRepository\" at index [0] is available in the RootTestModule context.\n\nPotential solutions:\n- Is RootTestModule a valid NestJS module?\n- If \"VisitRepository\" is a provider, is it part of the current RootTestModule?\n- If \"VisitRepository\" is exported from a separate @Module, is that module imported within RootTestModule?\n  @Module({\n    imports: [ /* the Module containing \"VisitRepository\" */ ]\n  })\n\nFor more common dependency resolution issues, see: https://docs.nestjs.com/faq/common-errors\n    at TestingInjector.lookupComponentInParentModules (C:\\Users\\Azeem\\Documents\\github\\Mcom\\vemtap-workspace\\node_modules\\.pnpm\\@nestjs+core@11.1.14_@nestj_488fcd591e5c2c52e06716874218c4c2\\node_modules\\@nestjs\\core\\injector\\injector.js:290:19)\n    at processTicksAndRejections (node:internal/process/task_queues:105:5)\n    at TestingInjector.resolveComponentWrapper (C:\\Users\\Azeem\\Documents\\github\\Mcom\\vemtap-workspace\\node_modules\\.pnpm\\@nestjs+testing@11.1.14_@ne_3c12c068d6af4247d49797d76634c0bc\\node_modules\\@nestjs\\testing\\testing-injector.js:19:45)\n    at resolveParam (C:\\Users\\Azeem\\Documents\\github\\Mcom\\vemtap-workspace\\node_modules\\.pnpm\\@nestjs+core@11.1.14_@nestj_488fcd591e5c2c52e06716874218c4c2\\node_modules\\@nestjs\\core\\injector\\injector.js:140:38)\n    at async Promise.all (index 0)\n    at TestingInjector.resolveConstructorParams (C:\\Users\\Azeem\\Documents\\github\\Mcom\\vemtap-workspace\\node_modules\\.pnpm\\@nestjs+core@11.1.14_@nestj_488fcd591e5c2c52e06716874218c4c2\\node_modules\\@nestjs\\core\\injector\\injector.js:169:27)\n    at TestingInjector.loadInstance (C:\\Users\\Azeem\\Documents\\github\\Mcom\\vemtap-workspace\\node_modules\\.pnpm\\@nestjs+core@11.1.14_@nestj_488fcd591e5c2c52e06716874218c4c2\\node_modules\\@nestjs\\core\\injector\\injector.js:75:13)\n    at TestingInjector.loadProvider (C:\\Users\\Azeem\\Documents\\github\\Mcom\\vemtap-workspace\\node_modules\\.pnpm\\@nestjs+core@11.1.14_@nestj_488fcd591e5c2c52e06716874218c4c2\\node_modules\\@nestjs\\core\\injector\\injector.js:103:9)\n    at C:\\Users\\Azeem\\Documents\\github\\Mcom\\vemtap-workspace\\node_modules\\.pnpm\\@nestjs+core@11.1.14_@nestj_488fcd591e5c2c52e06716874218c4c2\\node_modules\\@nestjs\\core\\injector\\instance-loader.js:56:13\n    at async Promise.all (index 3)\n    at TestingInstanceLoader.createInstancesOfProviders (C:\\Users\\Azeem\\Documents\\github\\Mcom\\vemtap-workspace\\node_modules\\.pnpm\\@nestjs+core@11.1.14_@nestj_488fcd591e5c2c52e06716874218c4c2\\node_modules\\@nestjs\\core\\injector\\instance-loader.js:55:9)\n    at C:\\Users\\Azeem\\Documents\\github\\Mcom\\vemtap-workspace\\node_modules\\.pnpm\\@nestjs+core@11.1.14_@nestj_488fcd591e5c2c52e06716874218c4c2\\node_modules\\@nestjs\\core\\injector\\instance-loader.js:40:13\n    at async Promise.all (index 1)\n    at TestingInstanceLoader.createInstances (C:\\Users\\Azeem\\Documents\\github\\Mcom\\vemtap-workspace\\node_modules\\.pnpm\\@nestjs+core@11.1.14_@nestj_488fcd591e5c2c52e06716874218c4c2\\node_modules\\@nestjs\\core\\injector\\instance-loader.js:39:9)\n    at TestingInstanceLoader.createInstancesOfDependencies (C:\\Users\\Azeem\\Documents\\github\\Mcom\\vemtap-workspace\\node_modules\\.pnpm\\@nestjs+core@11.1.14_@nestj_488fcd591e5c2c52e06716874218c4c2\\node_modules\\@nestjs\\core\\injector\\instance-loader.js:22:13)\n    at TestingInstanceLoader.createInstancesOfDependencies (C:\\Users\\Azeem\\Documents\\github\\Mcom\\vemtap-workspace\\node_modules\\.pnpm\\@nestjs+testing@11.1.14_@ne_3c12c068d6af4247d49797d76634c0bc\\node_modules\\@nestjs\\testing\\testing-instance-loader.js:9:9)\n    at TestingModuleBuilder.createInstancesOfDependencies (C:\\Users\\Azeem\\Documents\\github\\Mcom\\vemtap-workspace\\node_modules\\.pnpm\\@nestjs+testing@11.1.14_@ne_3c12c068d6af4247d49797d76634c0bc\\node_modules\\@nestjs\\testing\\testing-module.builder.js:118:9)\n    at TestingModuleBuilder.compile (C:\\Users\\Azeem\\Documents\\github\\Mcom\\vemtap-workspace\\node_modules\\.pnpm\\@nestjs+testing@11.1.14_@ne_3c12c068d6af4247d49797d76634c0bc\\node_modules\\@nestjs\\testing\\testing-module.builder.js:74:9)\n    at Object.<anonymous> (C:\\Users\\Azeem\\Documents\\github\\Mcom\\vemtap-workspace\\apps\\backend\\src\\modules\\analytics\\analytics.service.spec.ts:8:39)"],"fullName":"AnalyticsService getPeakTimesAnalytics should return peak times analytics data","invocations":1,"location":null,"numPassingAsserts":0,"retryReasons":[],"startAt":1771703837506,"status":"failed","title":"should return peak times analytics data"}],"endTime":1771703837573,"message":"\u001b[1m\u001b[31m  \u001b[1m● \u001b[22m\u001b[1mAnalyticsService › should be defined\u001b[39m\u001b[22m\n\n    Nest can't resolve dependencies of the AnalyticsService (?, UserRepository). Please make sure that the argument \"VisitRepository\" at index [0] is available in the RootTestModule context.\n\n    Potential solutions:\n    - Is RootTestModule a valid NestJS module?\n    - If \"VisitRepository\" is a provider, is it part of the current RootTestModule?\n    - If \"VisitRepository\" is exported from a separate @Module, is that module imported within RootTestModule?\n      @Module({\n        imports: [ /* the Module containing \"VisitRepository\" */ ]\n      })\n\n    For more common dependency resolution issues, see: https://docs.nestjs.com/faq/common-errors\n\u001b[2m\u001b[22m\n\u001b[2m    \u001b[0m \u001b[90m  6 |\u001b[39m\u001b[22m\n\u001b[2m     \u001b[90m  7 |\u001b[39m     beforeEach(\u001b[36masync\u001b[39m () \u001b[33m=>\u001b[39m {\u001b[22m\n\u001b[2m    \u001b[31m\u001b[1m>\u001b[22m\u001b[2m\u001b[39m\u001b[90m  8 |\u001b[39m         \u001b[36mconst\u001b[39m module\u001b[33m:\u001b[39m \u001b[33mTestingModule\u001b[39m \u001b[33m=\u001b[39m \u001b[36mawait\u001b[39m \u001b[33mTest\u001b[39m\u001b[33m.\u001b[39mcreateTestingModule({\u001b[22m\n\u001b[2m     \u001b[90m    |\u001b[39m                                       \u001b[31m\u001b[1m^\u001b[22m\u001b[2m\u001b[39m\u001b[22m\n\u001b[2m     \u001b[90m  9 |\u001b[39m             providers\u001b[33m:\u001b[39m [\u001b[33mAnalyticsService\u001b[39m]\u001b[33m,\u001b[39m\u001b[22m\n\u001b[2m     \u001b[90m 10 |\u001b[39m         })\u001b[33m.\u001b[39mcompile()\u001b[33m;\u001b[39m\u001b[22m\n\u001b[2m     \u001b[90m 11 |\u001b[39m\u001b[0m\u001b[22m\n\u001b[2m\u001b[22m\n\u001b[2m      \u001b[2mat TestingInjector.lookupComponentInParentModules (\u001b[22m\u001b[2m../../../node_modules/.pnpm/@nestjs+core@11.1.14_@nestj_488fcd591e5c2c52e06716874218c4c2/node_modules/@nestjs/core/injector/injector.js\u001b[2m:290:19)\u001b[22m\u001b[2m\u001b[22m\n\u001b[2m      \u001b[2mat TestingInjector.resolveComponentWrapper (\u001b[22m\u001b[2m../../../node_modules/.pnpm/@nestjs+testing@11.1.14_@ne_3c12c068d6af4247d49797d76634c0bc/node_modules/@nestjs/testing/testing-injector.js\u001b[2m:19:45)\u001b[22m\u001b[2m\u001b[22m\n\u001b[2m      \u001b[2mat resolveParam (\u001b[22m\u001b[2m../../../node_modules/.pnpm/@nestjs+core@11.1.14_@nestj_488fcd591e5c2c52e06716874218c4c2/node_modules/@nestjs/core/injector/injector.js\u001b[2m:140:38)\u001b[22m\u001b[2m\u001b[22m\n\u001b[2m          at async Promise.all (index 0)\u001b[22m\n\u001b[2m      \u001b[2mat TestingInjector.resolveConstructorParams (\u001b[22m\u001b[2m../../../node_modules/.pnpm/@nestjs+core@11.1.14_@nestj_488fcd591e5c2c52e06716874218c4c2/node_modules/@nestjs/core/injector/injector.js\u001b[2m:169:27)\u001b[22m\u001b[2m\u001b[22m\n\u001b[2m      \u001b[2mat TestingInjector.loadInstance (\u001b[22m\u001b[2m../../../node_modules/.pnpm/@nestjs+core@11.1.14_@nestj_488fcd591e5c2c52e06716874218c4c2/node_modules/@nestjs/core/injector/injector.js\u001b[2m:75:13)\u001b[22m\u001b[2m\u001b[22m\n\u001b[2m      \u001b[2mat TestingInjector.loadProvider (\u001b[22m\u001b[2m../../../node_modules/.pnpm/@nestjs+core@11.1.14_@nestj_488fcd591e5c2c52e06716874218c4c2/node_modules/@nestjs/core/injector/injector.js\u001b[2m:103:9)\u001b[22m\u001b[2m\u001b[22m\n\u001b[2m      \u001b[2mat \u001b[22m\u001b[2m../../../node_modules/.pnpm/@nestjs+core@11.1.14_@nestj_488fcd591e5c2c52e06716874218c4c2/node_modules/@nestjs/core/injector/instance-loader.js\u001b[2m:56:13\u001b[22m\u001b[2m\u001b[22m\n\u001b[2m          at async Promise.all (index 3)\u001b[22m\n\u001b[2m      \u001b[2mat TestingInstanceLoader.createInstancesOfProviders (\u001b[22m\u001b[2m../../../node_modules/.pnpm/@nestjs+core@11.1.14_@nestj_488fcd591e5c2c52e06716874218c4c2/node_modules/@nestjs/core/injector/instance-loader.js\u001b[2m:55:9)\u001b[22m\u001b[2m\u001b[22m\n\u001b[2m      \u001b[2mat \u001b[22m\u001b[2m../../../node_modules/.pnpm/@nestjs+core@11.1.14_@nestj_488fcd591e5c2c52e06716874218c4c2/node_modules/@nestjs/core/injector/instance-loader.js\u001b[2m:40:13\u001b[22m\u001b[2m\u001b[22m\n\u001b[2m          at async Promise.all (index 1)\u001b[22m\n\u001b[2m      \u001b[2mat TestingInstanceLoader.createInstances (\u001b[22m\u001b[2m../../../node_modules/.pnpm/@nestjs+core@11.1.14_@nestj_488fcd591e5c2c52e06716874218c4c2/node_modules/@nestjs/core/injector/instance-loader.js\u001b[2m:39:9)\u001b[22m\u001b[2m\u001b[22m\n\u001b[2m      \u001b[2mat TestingInstanceLoader.createInstancesOfDependencies (\u001b[22m\u001b[2m../../../node_modules/.pnpm/@nestjs+core@11.1.14_@nestj_488fcd591e5c2c52e06716874218c4c2/node_modules/@nestjs/core/injector/instance-loader.js\u001b[2m:22:13)\u001b[22m\u001b[2m\u001b[22m\n\u001b[2m      \u001b[2mat TestingInstanceLoader.createInstancesOfDependencies (\u001b[22m\u001b[2m../../../node_modules/.pnpm/@nestjs+testing@11.1.14_@ne_3c12c068d6af4247d49797d76634c0bc/node_modules/@nestjs/testing/testing-instance-loader.js\u001b[2m:9:9)\u001b[22m\u001b[2m\u001b[22m\n\u001b[2m      \u001b[2mat TestingModuleBuilder.createInstancesOfDependencies (\u001b[22m\u001b[2m../../../node_modules/.pnpm/@nestjs+testing@11.1.14_@ne_3c12c068d6af4247d49797d76634c0bc/node_modules/@nestjs/testing/testing-module.builder.js\u001b[2m:118:9)\u001b[22m\u001b[2m\u001b[22m\n\u001b[2m      \u001b[2mat TestingModuleBuilder.compile (\u001b[22m\u001b[2m../../../node_modules/.pnpm/@nestjs+testing@11.1.14_@ne_3c12c068d6af4247d49797d76634c0bc/node_modules/@nestjs/testing/testing-module.builder.js\u001b[2m:74:9)\u001b[22m\u001b[2m\u001b[22m\n\u001b[2m      \u001b[2mat Object.<anonymous> (\u001b[22m\u001b[2m\u001b[0m\u001b[36mmodules/analytics/analytics.service.spec.ts\u001b[39m\u001b[0m\u001b[2m:8:39)\u001b[22m\u001b[2m\u001b[22m\n\n\u001b[1m\u001b[31m  \u001b[1m● \u001b[22m\u001b[1mAnalyticsService › getDashboardAnalytics › should return dashboard analytics data\u001b[39m\u001b[22m\n\n    Nest can't resolve dependencies of the AnalyticsService (?, UserRepository). Please make sure that the argument \"VisitRepository\" at index [0] is available in the RootTestModule context.\n\n    Potential solutions:\n    - Is RootTestModule a valid NestJS module?\n    - If \"VisitRepository\" is a provider, is it part of the current RootTestModule?\n    - If \"VisitRepository\" is exported from a separate @Module, is that module imported within RootTestModule?\n      @Module({\n        imports: [ /* the Module containing \"VisitRepository\" */ ]\n      })\n\n    For more common dependency resolution issues, see: https://docs.nestjs.com/faq/common-errors\n\u001b[2m\u001b[22m\n\u001b[2m    \u001b[0m \u001b[90m  6 |\u001b[39m\u001b[22m\n\u001b[2m     \u001b[90m  7 |\u001b[39m     beforeEach(\u001b[36masync\u001b[39m () \u001b[33m=>\u001b[39m {\u001b[22m\n\u001b[2m    \u001b[31m\u001b[1m>\u001b[22m\u001b[2m\u001b[39m\u001b[90m  8 |\u001b[39m         \u001b[36mconst\u001b[39m module\u001b[33m:\u001b[39m \u001b[33mTestingModule\u001b[39m \u001b[33m=\u001b[39m \u001b[36mawait\u001b[39m \u001b[33mTest\u001b[39m\u001b[33m.\u001b[39mcreateTestingModule({\u001b[22m\n\u001b[2m     \u001b[90m    |\u001b[39m                                       \u001b[31m\u001b[1m^\u001b[22m\u001b[2m\u001b[39m\u001b[22m\n\u001b[2m     \u001b[90m  9 |\u001b[39m             providers\u001b[33m:\u001b[39m [\u001b[33mAnalyticsService\u001b[39m]\u001b[33m,\u001b[39m\u001b[22m\n\u001b[2m     \u001b[90m 10 |\u001b[39m         })\u001b[33m.\u001b[39mcompile()\u001b[33m;\u001b[39m\u001b[22m\n\u001b[2m     \u001b[90m 11 |\u001b[39m\u001b[0m\u001b[22m\n\u001b[2m\u001b[22m\n\u001b[2m      \u001b[2mat TestingInjector.lookupComponentInParentModules (\u001b[22m\u001b[2m../../../node_modules/.pnpm/@nestjs+core@11.1.14_@nestj_488fcd591e5c2c52e06716874218c4c2/node_modules/@nestjs/core/injector/injector.js\u001b[2m:290:19)\u001b[22m\u001b[2m\u001b[22m\n\u001b[2m      \u001b[2mat TestingInjector.resolveComponentWrapper (\u001b[22m\u001b[2m../../../node_modules/.pnpm/@nestjs+testing@11.1.14_@ne_3c12c068d6af4247d49797d76634c0bc/node_modules/@nestjs/testing/testing-injector.js\u001b[2m:19:45)\u001b[22m\u001b[2m\u001b[22m\n\u001b[2m      \u001b[2mat resolveParam (\u001b[22m\u001b[2m../../../node_modules/.pnpm/@nestjs+core@11.1.14_@nestj_488fcd591e5c2c52e06716874218c4c2/node_modules/@nestjs/core/injector/injector.js\u001b[2m:140:38)\u001b[22m\u001b[2m\u001b[22m\n\u001b[2m          at async Promise.all (index 0)\u001b[22m\n\u001b[2m      \u001b[2mat TestingInjector.resolveConstructorParams (\u001b[22m\u001b[2m../../../node_modules/.pnpm/@nestjs+core@11.1.14_@nestj_488fcd591e5c2c52e06716874218c4c2/node_modules/@nestjs/core/injector/injector.js\u001b[2m:169:27)\u001b[22m\u001b[2m\u001b[22m\n\u001b[2m      \u001b[2mat TestingInjector.loadInstance (\u001b[22m\u001b[2m../../../node_modules/.pnpm/@nestjs+core@11.1.14_@nestj_488fcd591e5c2c52e06716874218c4c2/node_modules/@nestjs/core/injector/injector.js\u001b[2m:75:13)\u001b[22m\u001b[2m\u001b[22m\n\u001b[2m      \u001b[2mat TestingInjector.loadProvider (\u001b[22m\u001b[2m../../../node_modules/.pnpm/@nestjs+core@11.1.14_@nestj_488fcd591e5c2c52e06716874218c4c2/node_modules/@nestjs/core/injector/injector.js\u001b[2m:103:9)\u001b[22m\u001b[2m\u001b[22m\n\u001b[2m      \u001b[2mat \u001b[22m\u001b[2m../../../node_modules/.pnpm/@nestjs+core@11.1.14_@nestj_488fcd591e5c2c52e06716874218c4c2/node_modules/@nestjs/core/injector/instance-loader.js\u001b[2m:56:13\u001b[22m\u001b[2m\u001b[22m\n\u001b[2m          at async Promise.all (index 3)\u001b[22m\n\u001b[2m      \u001b[2mat TestingInstanceLoader.createInstancesOfProviders (\u001b[22m\u001b[2m../../../node_modules/.pnpm/@nestjs+core@11.1.14_@nestj_488fcd591e5c2c52e06716874218c4c2/node_modules/@nestjs/core/injector/instance-loader.js\u001b[2m:55:9)\u001b[22m\u001b[2m\u001b[22m\n\u001b[2m      \u001b[2mat \u001b[22m\u001b[2m../../../node_modules/.pnpm/@nestjs+core@11.1.14_@nestj_488fcd591e5c2c52e06716874218c4c2/node_modules/@nestjs/core/injector/instance-loader.js\u001b[2m:40:13\u001b[22m\u001b[2m\u001b[22m\n\u001b[2m          at async Promise.all (index 1)\u001b[22m\n\u001b[2m      \u001b[2mat TestingInstanceLoader.createInstances (\u001b[22m\u001b[2m../../../node_modules/.pnpm/@nestjs+core@11.1.14_@nestj_488fcd591e5c2c52e06716874218c4c2/node_modules/@nestjs/core/injector/instance-loader.js\u001b[2m:39:9)\u001b[22m\u001b[2m\u001b[22m\n\u001b[2m      \u001b[2mat TestingInstanceLoader.createInstancesOfDependencies (\u001b[22m\u001b[2m../../../node_modules/.pnpm/@nestjs+core@11.1.14_@nestj_488fcd591e5c2c52e06716874218c4c2/node_modules/@nestjs/core/injector/instance-loader.js\u001b[2m:22:13)\u001b[22m\u001b[2m\u001b[22m\n\u001b[2m      \u001b[2mat TestingInstanceLoader.createInstancesOfDependencies (\u001b[22m\u001b[2m../../../node_modules/.pnpm/@nestjs+testing@11.1.14_@ne_3c12c068d6af4247d49797d76634c0bc/node_modules/@nestjs/testing/testing-instance-loader.js\u001b[2m:9:9)\u001b[22m\u001b[2m\u001b[22m\n\u001b[2m      \u001b[2mat TestingModuleBuilder.createInstancesOfDependencies (\u001b[22m\u001b[2m../../../node_modules/.pnpm/@nestjs+testing@11.1.14_@ne_3c12c068d6af4247d49797d76634c0bc/node_modules/@nestjs/testing/testing-module.builder.js\u001b[2m:118:9)\u001b[22m\u001b[2m\u001b[22m\n\u001b[2m      \u001b[2mat TestingModuleBuilder.compile (\u001b[22m\u001b[2m../../../node_modules/.pnpm/@nestjs+testing@11.1.14_@ne_3c12c068d6af4247d49797d76634c0bc/node_modules/@nestjs/testing/testing-module.builder.js\u001b[2m:74:9)\u001b[22m\u001b[2m\u001b[22m\n\u001b[2m      \u001b[2mat Object.<anonymous> (\u001b[22m\u001b[2m\u001b[0m\u001b[36mmodules/analytics/analytics.service.spec.ts\u001b[39m\u001b[0m\u001b[2m:8:39)\u001b[22m\u001b[2m\u001b[22m\n\n\u001b[1m\u001b[31m  \u001b[1m● \u001b[22m\u001b[1mAnalyticsService › getFootfallAnalytics › should return footfall analytics data\u001b[39m\u001b[22m\n\n    Nest can't resolve dependencies of the AnalyticsService (?, UserRepository). Please make sure that the argument \"VisitRepository\" at index [0] is available in the RootTestModule context.\n\n    Potential solutions:\n    - Is RootTestModule a valid NestJS module?\n    - If \"VisitRepository\" is a provider, is it part of the current RootTestModule?\n    - If \"VisitRepository\" is exported from a separate @Module, is that module imported within RootTestModule?\n      @Module({\n        imports: [ /* the Module containing \"VisitRepository\" */ ]\n      })\n\n    For more common dependency resolution issues, see: https://docs.nestjs.com/faq/common-errors\n\u001b[2m\u001b[22m\n\u001b[2m    \u001b[0m \u001b[90m  6 |\u001b[39m\u001b[22m\n\u001b[2m     \u001b[90m  7 |\u001b[39m     beforeEach(\u001b[36masync\u001b[39m () \u001b[33m=>\u001b[39m {\u001b[22m\n\u001b[2m    \u001b[31m\u001b[1m>\u001b[22m\u001b[2m\u001b[39m\u001b[90m  8 |\u001b[39m         \u001b[36mconst\u001b[39m module\u001b[33m:\u001b[39m \u001b[33mTestingModule\u001b[39m \u001b[33m=\u001b[39m \u001b[36mawait\u001b[39m \u001b[33mTest\u001b[39m\u001b[33m.\u001b[39mcreateTestingModule({\u001b[22m\n\u001b[2m     \u001b[90m    |\u001b[39m                                       \u001b[31m\u001b[1m^\u001b[22m\u001b[2m\u001b[39m\u001b[22m\n\u001b[2m     \u001b[90m  9 |\u001b[39m             providers\u001b[33m:\u001b[39m [\u001b[33mAnalyticsService\u001b[39m]\u001b[33m,\u001b[39m\u001b[22m\n\u001b[2m     \u001b[90m 10 |\u001b[39m         })\u001b[33m.\u001b[39mcompile()\u001b[33m;\u001b[39m\u001b[22m\n\u001b[2m     \u001b[90m 11 |\u001b[39m\u001b[0m\u001b[22m\n\u001b[2m\u001b[22m\n\u001b[2m      \u001b[2mat TestingInjector.lookupComponentInParentModules (\u001b[22m\u001b[2m../../../node_modules/.pnpm/@nestjs+core@11.1.14_@nestj_488fcd591e5c2c52e06716874218c4c2/node_modules/@nestjs/core/injector/injector.js\u001b[2m:290:19)\u001b[22m\u001b[2m\u001b[22m\n\u001b[2m      \u001b[2mat TestingInjector.resolveComponentWrapper (\u001b[22m\u001b[2m../../../node_modules/.pnpm/@nestjs+testing@11.1.14_@ne_3c12c068d6af4247d49797d76634c0bc/node_modules/@nestjs/testing/testing-injector.js\u001b[2m:19:45)\u001b[22m\u001b[2m\u001b[22m\n\u001b[2m      \u001b[2mat resolveParam (\u001b[22m\u001b[2m../../../node_modules/.pnpm/@nestjs+core@11.1.14_@nestj_488fcd591e5c2c52e06716874218c4c2/node_modules/@nestjs/core/injector/injector.js\u001b[2m:140:38)\u001b[22m\u001b[2m\u001b[22m\n\u001b[2m          at async Promise.all (index 0)\u001b[22m\n\u001b[2m      \u001b[2mat TestingInjector.resolveConstructorParams (\u001b[22m\u001b[2m../../../node_modules/.pnpm/@nestjs+core@11.1.14_@nestj_488fcd591e5c2c52e06716874218c4c2/node_modules/@nestjs/core/injector/injector.js\u001b[2m:169:27)\u001b[22m\u001b[2m\u001b[22m\n\u001b[2m      \u001b[2mat TestingInjector.loadInstance (\u001b[22m\u001b[2m../../../node_modules/.pnpm/@nestjs+core@11.1.14_@nestj_488fcd591e5c2c52e06716874218c4c2/node_modules/@nestjs/core/injector/injector.js\u001b[2m:75:13)\u001b[22m\u001b[2m\u001b[22m\n\u001b[2m      \u001b[2mat TestingInjector.loadProvider (\u001b[22m\u001b[2m../../../node_modules/.pnpm/@nestjs+core@11.1.14_@nestj_488fcd591e5c2c52e06716874218c4c2/node_modules/@nestjs/core/injector/injector.js\u001b[2m:103:9)\u001b[22m\u001b[2m\u001b[22m\n\u001b[2m      \u001b[2mat \u001b[22m\u001b[2m../../../node_modules/.pnpm/@nestjs+core@11.1.14_@nestj_488fcd591e5c2c52e06716874218c4c2/node_modules/@nestjs/core/injector/instance-loader.js\u001b[2m:56:13\u001b[22m\u001b[2m\u001b[22m\n\u001b[2m          at async Promise.all (index 3)\u001b[22m\n\u001b[2m      \u001b[2mat TestingInstanceLoader.createInstancesOfProviders (\u001b[22m\u001b[2m../../../node_modules/.pnpm/@nestjs+core@11.1.14_@nestj_488fcd591e5c2c52e06716874218c4c2/node_modules/@nestjs/core/injector/instance-loader.js\u001b[2m:55:9)\u001b[22m\u001b[2m\u001b[22m\n\u001b[2m      \u001b[2mat \u001b[22m\u001b[2m../../../node_modules/.pnpm/@nestjs+core@11.1.14_@nestj_488fcd591e5c2c52e06716874218c4c2/node_modules/@nestjs/core/injector/instance-loader.js\u001b[2m:40:13\u001b[22m\u001b[2m\u001b[22m\n\u001b[2m          at async Promise.all (index 1)\u001b[22m\n\u001b[2m      \u001b[2mat TestingInstanceLoader.createInstances (\u001b[22m\u001b[2m../../../node_modules/.pnpm/@nestjs+core@11.1.14_@nestj_488fcd591e5c2c52e06716874218c4c2/node_modules/@nestjs/core/injector/instance-loader.js\u001b[2m:39:9)\u001b[22m\u001b[2m\u001b[22m\n\u001b[2m      \u001b[2mat TestingInstanceLoader.createInstancesOfDependencies (\u001b[22m\u001b[2m../../../node_modules/.pnpm/@nestjs+core@11.1.14_@nestj_488fcd591e5c2c52e06716874218c4c2/node_modules/@nestjs/core/injector/instance-loader.js\u001b[2m:22:13)\u001b[22m\u001b[2m\u001b[22m\n\u001b[2m      \u001b[2mat TestingInstanceLoader.createInstancesOfDependencies (\u001b[22m\u001b[2m../../../node_modules/.pnpm/@nestjs+testing@11.1.14_@ne_3c12c068d6af4247d49797d76634c0bc/node_modules/@nestjs/testing/testing-instance-loader.js\u001b[2m:9:9)\u001b[22m\u001b[2m\u001b[22m\n\u001b[2m      \u001b[2mat TestingModuleBuilder.createInstancesOfDependencies (\u001b[22m\u001b[2m../../../node_modules/.pnpm/@nestjs+testing@11.1.14_@ne_3c12c068d6af4247d49797d76634c0bc/node_modules/@nestjs/testing/testing-module.builder.js\u001b[2m:118:9)\u001b[22m\u001b[2m\u001b[22m\n\u001b[2m      \u001b[2mat TestingModuleBuilder.compile (\u001b[22m\u001b[2m../../../node_modules/.pnpm/@nestjs+testing@11.1.14_@ne_3c12c068d6af4247d49797d76634c0bc/node_modules/@nestjs/testing/testing-module.builder.js\u001b[2m:74:9)\u001b[22m\u001b[2m\u001b[22m\n\u001b[2m      \u001b[2mat Object.<anonymous> (\u001b[22m\u001b[2m\u001b[0m\u001b[36mmodules/analytics/analytics.service.spec.ts\u001b[39m\u001b[0m\u001b[2m:8:39)\u001b[22m\u001b[2m\u001b[22m\n\n\u001b[1m\u001b[31m  \u001b[1m● \u001b[22m\u001b[1mAnalyticsService › getPeakTimesAnalytics › should return peak times analytics data\u001b[39m\u001b[22m\n\n    Nest can't resolve dependencies of the AnalyticsService (?, UserRepository). Please make sure that the argument \"VisitRepository\" at index [0] is available in the RootTestModule context.\n\n    Potential solutions:\n    - Is RootTestModule a valid NestJS module?\n    - If \"VisitRepository\" is a provider, is it part of the current RootTestModule?\n    - If \"VisitRepository\" is exported from a separate @Module, is that module imported within RootTestModule?\n      @Module({\n        imports: [ /* the Module containing \"VisitRepository\" */ ]\n      })\n\n    For more common dependency resolution issues, see: https://docs.nestjs.com/faq/common-errors\n\u001b[2m\u001b[22m\n\u001b[2m    \u001b[0m \u001b[90m  6 |\u001b[39m\u001b[22m\n\u001b[2m     \u001b[90m  7 |\u001b[39m     beforeEach(\u001b[36masync\u001b[39m () \u001b[33m=>\u001b[39m {\u001b[22m\n\u001b[2m    \u001b[31m\u001b[1m>\u001b[22m\u001b[2m\u001b[39m\u001b[90m  8 |\u001b[39m         \u001b[36mconst\u001b[39m module\u001b[33m:\u001b[39m \u001b[33mTestingModule\u001b[39m \u001b[33m=\u001b[39m \u001b[36mawait\u001b[39m \u001b[33mTest\u001b[39m\u001b[33m.\u001b[39mcreateTestingModule({\u001b[22m\n\u001b[2m     \u001b[90m    |\u001b[39m                                       \u001b[31m\u001b[1m^\u001b[22m\u001b[2m\u001b[39m\u001b[22m\n\u001b[2m     \u001b[90m  9 |\u001b[39m             providers\u001b[33m:\u001b[39m [\u001b[33mAnalyticsService\u001b[39m]\u001b[33m,\u001b[39m\u001b[22m\n\u001b[2m     \u001b[90m 10 |\u001b[39m         })\u001b[33m.\u001b[39mcompile()\u001b[33m;\u001b[39m\u001b[22m\n\u001b[2m     \u001b[90m 11 |\u001b[39m\u001b[0m\u001b[22m\n\u001b[2m\u001b[22m\n\u001b[2m      \u001b[2mat TestingInjector.lookupComponentInParentModules (\u001b[22m\u001b[2m../../../node_modules/.pnpm/@nestjs+core@11.1.14_@nestj_488fcd591e5c2c52e06716874218c4c2/node_modules/@nestjs/core/injector/injector.js\u001b[2m:290:19)\u001b[22m\u001b[2m\u001b[22m\n\u001b[2m      \u001b[2mat TestingInjector.resolveComponentWrapper (\u001b[22m\u001b[2m../../../node_modules/.pnpm/@nestjs+testing@11.1.14_@ne_3c12c068d6af4247d49797d76634c0bc/node_modules/@nestjs/testing/testing-injector.js\u001b[2m:19:45)\u001b[22m\u001b[2m\u001b[22m\n\u001b[2m      \u001b[2mat resolveParam (\u001b[22m\u001b[2m../../../node_modules/.pnpm/@nestjs+core@11.1.14_@nestj_488fcd591e5c2c52e06716874218c4c2/node_modules/@nestjs/core/injector/injector.js\u001b[2m:140:38)\u001b[22m\u001b[2m\u001b[22m\n\u001b[2m          at async Promise.all (index 0)\u001b[22m\n\u001b[2m      \u001b[2mat TestingInjector.resolveConstructorParams (\u001b[22m\u001b[2m../../../node_modules/.pnpm/@nestjs+core@11.1.14_@nestj_488fcd591e5c2c52e06716874218c4c2/node_modules/@nestjs/core/injector/injector.js\u001b[2m:169:27)\u001b[22m\u001b[2m\u001b[22m\n\u001b[2m      \u001b[2mat TestingInjector.loadInstance (\u001b[22m\u001b[2m../../../node_modules/.pnpm/@nestjs+core@11.1.14_@nestj_488fcd591e5c2c52e06716874218c4c2/node_modules/@nestjs/core/injector/injector.js\u001b[2m:75:13)\u001b[22m\u001b[2m\u001b[22m\n\u001b[2m      \u001b[2mat TestingInjector.loadProvider (\u001b[22m\u001b[2m../../../node_modules/.pnpm/@nestjs+core@11.1.14_@nestj_488fcd591e5c2c52e06716874218c4c2/node_modules/@nestjs/core/injector/injector.js\u001b[2m:103:9)\u001b[22m\u001b[2m\u001b[22m\n\u001b[2m      \u001b[2mat \u001b[22m\u001b[2m../../../node_modules/.pnpm/@nestjs+core@11.1.14_@nestj_488fcd591e5c2c52e06716874218c4c2/node_modules/@nestjs/core/injector/instance-loader.js\u001b[2m:56:13\u001b[22m\u001b[2m\u001b[22m\n\u001b[2m          at async Promise.all (index 3)\u001b[22m\n\u001b[2m      \u001b[2mat TestingInstanceLoader.createInstancesOfProviders (\u001b[22m\u001b[2m../../../node_modules/.pnpm/@nestjs+core@11.1.14_@nestj_488fcd591e5c2c52e06716874218c4c2/node_modules/@nestjs/core/injector/instance-loader.js\u001b[2m:55:9)\u001b[22m\u001b[2m\u001b[22m\n\u001b[2m      \u001b[2mat \u001b[22m\u001b[2m../../../node_modules/.pnpm/@nestjs+core@11.1.14_@nestj_488fcd591e5c2c52e06716874218c4c2/node_modules/@nestjs/core/injector/instance-loader.js\u001b[2m:40:13\u001b[22m\u001b[2m\u001b[22m\n\u001b[2m          at async Promise.all (index 1)\u001b[22m\n\u001b[2m      \u001b[2mat TestingInstanceLoader.createInstances (\u001b[22m\u001b[2m../../../node_modules/.pnpm/@nestjs+core@11.1.14_@nestj_488fcd591e5c2c52e06716874218c4c2/node_modules/@nestjs/core/injector/instance-loader.js\u001b[2m:39:9)\u001b[22m\u001b[2m\u001b[22m\n\u001b[2m      \u001b[2mat TestingInstanceLoader.createInstancesOfDependencies (\u001b[22m\u001b[2m../../../node_modules/.pnpm/@nestjs+core@11.1.14_@nestj_488fcd591e5c2c52e06716874218c4c2/node_modules/@nestjs/core/injector/instance-loader.js\u001b[2m:22:13)\u001b[22m\u001b[2m\u001b[22m\n\u001b[2m      \u001b[2mat TestingInstanceLoader.createInstancesOfDependencies (\u001b[22m\u001b[2m../../../node_modules/.pnpm/@nestjs+testing@11.1.14_@ne_3c12c068d6af4247d49797d76634c0bc/node_modules/@nestjs/testing/testing-instance-loader.js\u001b[2m:9:9)\u001b[22m\u001b[2m\u001b[22m\n\u001b[2m      \u001b[2mat TestingModuleBuilder.createInstancesOfDependencies (\u001b[22m\u001b[2m../../../node_modules/.pnpm/@nestjs+testing@11.1.14_@ne_3c12c068d6af4247d49797d76634c0bc/node_modules/@nestjs/testing/testing-module.builder.js\u001b[2m:118:9)\u001b[22m\u001b[2m\u001b[22m\n\u001b[2m      \u001b[2mat TestingModuleBuilder.compile (\u001b[22m\u001b[2m../../../node_modules/.pnpm/@nestjs+testing@11.1.14_@ne_3c12c068d6af4247d49797d76634c0bc/node_modules/@nestjs/testing/testing-module.builder.js\u001b[2m:74:9)\u001b[22m\u001b[2m\u001b[22m\n\u001b[2m      \u001b[2mat Object.<anonymous> (\u001b[22m\u001b[2m\u001b[0m\u001b[36mmodules/analytics/analytics.service.spec.ts\u001b[39m\u001b[0m\u001b[2m:8:39)\u001b[22m\u001b[2m\u001b[22m\n","name":"C:\\Users\\Azeem\\Documents\\github\\Mcom\\vemtap-workspace\\apps\\backend\\src\\modules\\analytics\\analytics.service.spec.ts","startTime":1771703833787,"status":"failed","summary":""},{"assertionResults":[{"ancestorTitles":["UsersService","create"],"duration":30,"failing":false,"failureDetails":[],"failureMessages":[],"fullName":"UsersService create should allow creating a STAFF user","invocations":1,"location":null,"numPassingAsserts":2,"retryReasons":[],"startAt":1771703837496,"status":"passed","title":"should allow creating a STAFF user"},{"ancestorTitles":["UsersService","create"],"duration":4,"failing":false,"failureDetails":[],"failureMessages":[],"fullName":"UsersService create should allow creating a MANAGER user","invocations":1,"location":null,"numPassingAsserts":2,"retryReasons":[],"startAt":1771703837527,"status":"passed","title":"should allow creating a MANAGER user"},{"ancestorTitles":["UsersService","create"],"duration":7,"failing":false,"failureDetails":[{"message":"\u001b[2mexpect(\u001b[22m\u001b[31mreceived\u001b[39m\u001b[2m).\u001b[22mrejects\u001b[2m.\u001b[22mtoThrow\u001b[2m()\u001b[22m\n\nReceived promise resolved instead of rejected\nResolved to value: \u001b[31m{\"businessId\": \"biz-1\", \"email\": \"john@example.com\", \"firstName\": \"John\", \"id\": \"user-1\", \"jobTitle\": \"Sales\", \"lastName\": \"Doe\", \"permissions\": [], \"role\": \"Owner\", \"status\": \"Active\"}\u001b[39m"}],"failureMessages":["Error: \u001b[2mexpect(\u001b[22m\u001b[31mreceived\u001b[39m\u001b[2m).\u001b[22mrejects\u001b[2m.\u001b[22mtoThrow\u001b[2m()\u001b[22m\n\nReceived promise resolved instead of rejected\nResolved to value: \u001b[31m{\"businessId\": \"biz-1\", \"email\": \"john@example.com\", \"firstName\": \"John\", \"id\": \"user-1\", \"jobTitle\": \"Sales\", \"lastName\": \"Doe\", \"permissions\": [], \"role\": \"Owner\", \"status\": \"Active\"}\u001b[39m\n    at expect (C:\\Users\\Azeem\\Documents\\github\\Mcom\\vemtap-workspace\\node_modules\\.pnpm\\expect@30.2.0\\node_modules\\expect\\build\\index.js:2116:15)\n    at Object.<anonymous> (C:\\Users\\Azeem\\Documents\\github\\Mcom\\vemtap-workspace\\apps\\backend\\src\\modules\\users\\users.service.spec.ts:62:13)\n    at Promise.finally.completed (C:\\Users\\Azeem\\Documents\\github\\Mcom\\vemtap-workspace\\node_modules\\.pnpm\\jest-circus@30.2.0\\node_modules\\jest-circus\\build\\jestAdapterInit.js:1557:28)\n    at new Promise (<anonymous>)\n    at callAsyncCircusFn (C:\\Users\\Azeem\\Documents\\github\\Mcom\\vemtap-workspace\\node_modules\\.pnpm\\jest-circus@30.2.0\\node_modules\\jest-circus\\build\\jestAdapterInit.js:1497:10)\n    at _callCircusTest (C:\\Users\\Azeem\\Documents\\github\\Mcom\\vemtap-workspace\\node_modules\\.pnpm\\jest-circus@30.2.0\\node_modules\\jest-circus\\build\\jestAdapterInit.js:1007:40)\n    at processTicksAndRejections (node:internal/process/task_queues:105:5)\n    at _runTest (C:\\Users\\Azeem\\Documents\\github\\Mcom\\vemtap-workspace\\node_modules\\.pnpm\\jest-circus@30.2.0\\node_modules\\jest-circus\\build\\jestAdapterInit.js:947:3)\n    at C:\\Users\\Azeem\\Documents\\github\\Mcom\\vemtap-workspace\\node_modules\\.pnpm\\jest-circus@30.2.0\\node_modules\\jest-circus\\build\\jestAdapterInit.js:849:7\n    at _runTestsForDescribeBlock (C:\\Users\\Azeem\\Documents\\github\\Mcom\\vemtap-workspace\\node_modules\\.pnpm\\jest-circus@30.2.0\\node_modules\\jest-circus\\build\\jestAdapterInit.js:862:11)\n    at _runTestsForDescribeBlock (C:\\Users\\Azeem\\Documents\\github\\Mcom\\vemtap-workspace\\node_modules\\.pnpm\\jest-circus@30.2.0\\node_modules\\jest-circus\\build\\jestAdapterInit.js:857:11)\n    at _runTestsForDescribeBlock (C:\\Users\\Azeem\\Documents\\github\\Mcom\\vemtap-workspace\\node_modules\\.pnpm\\jest-circus@30.2.0\\node_modules\\jest-circus\\build\\jestAdapterInit.js:857:11)\n    at run (C:\\Users\\Azeem\\Documents\\github\\Mcom\\vemtap-workspace\\node_modules\\.pnpm\\jest-circus@30.2.0\\node_modules\\jest-circus\\build\\jestAdapterInit.js:761:3)\n    at runAndTransformResultsToJestFormat (C:\\Users\\Azeem\\Documents\\github\\Mcom\\vemtap-workspace\\node_modules\\.pnpm\\jest-circus@30.2.0\\node_modules\\jest-circus\\build\\jestAdapterInit.js:1918:21)\n    at jestAdapter (C:\\Users\\Azeem\\Documents\\github\\Mcom\\vemtap-workspace\\node_modules\\.pnpm\\jest-circus@30.2.0\\node_modules\\jest-circus\\build\\runner.js:101:19)\n    at runTestInternal (C:\\Users\\Azeem\\Documents\\github\\Mcom\\vemtap-workspace\\node_modules\\.pnpm\\jest-runner@30.2.0\\node_modules\\jest-runner\\build\\testWorker.js:275:16)\n    at runTest (C:\\Users\\Azeem\\Documents\\github\\Mcom\\vemtap-workspace\\node_modules\\.pnpm\\jest-runner@30.2.0\\node_modules\\jest-runner\\build\\testWorker.js:343:7)\n    at Object.worker (C:\\Users\\Azeem\\Documents\\github\\Mcom\\vemtap-workspace\\node_modules\\.pnpm\\jest-runner@30.2.0\\node_modules\\jest-runner\\build\\testWorker.js:497:12)"],"fullName":"UsersService create should throw BadRequestException when trying to create OWNER","invocations":1,"location":null,"numPassingAsserts":0,"retryReasons":[],"startAt":1771703837531,"status":"failed","title":"should throw BadRequestException when trying to create OWNER"},{"ancestorTitles":["UsersService","create"],"duration":15,"failing":false,"failureDetails":[{"message":"\u001b[2mexpect(\u001b[22m\u001b[31mreceived\u001b[39m\u001b[2m).\u001b[22mrejects\u001b[2m.\u001b[22mtoThrow\u001b[2m()\u001b[22m\n\nReceived promise resolved instead of rejected\nResolved to value: \u001b[31m{\"businessId\": \"biz-1\", \"email\": \"john@example.com\", \"firstName\": \"John\", \"id\": \"user-1\", \"jobTitle\": \"Sales\", \"lastName\": \"Doe\", \"permissions\": [], \"role\": \"Admin\", \"status\": \"Active\"}\u001b[39m"}],"failureMessages":["Error: \u001b[2mexpect(\u001b[22m\u001b[31mreceived\u001b[39m\u001b[2m).\u001b[22mrejects\u001b[2m.\u001b[22mtoThrow\u001b[2m()\u001b[22m\n\nReceived promise resolved instead of rejected\nResolved to value: \u001b[31m{\"businessId\": \"biz-1\", \"email\": \"john@example.com\", \"firstName\": \"John\", \"id\": \"user-1\", \"jobTitle\": \"Sales\", \"lastName\": \"Doe\", \"permissions\": [], \"role\": \"Admin\", \"status\": \"Active\"}\u001b[39m\n    at expect (C:\\Users\\Azeem\\Documents\\github\\Mcom\\vemtap-workspace\\node_modules\\.pnpm\\expect@30.2.0\\node_modules\\expect\\build\\index.js:2116:15)\n    at Object.<anonymous> (C:\\Users\\Azeem\\Documents\\github\\Mcom\\vemtap-workspace\\apps\\backend\\src\\modules\\users\\users.service.spec.ts:67:13)\n    at Promise.finally.completed (C:\\Users\\Azeem\\Documents\\github\\Mcom\\vemtap-workspace\\node_modules\\.pnpm\\jest-circus@30.2.0\\node_modules\\jest-circus\\build\\jestAdapterInit.js:1557:28)\n    at new Promise (<anonymous>)\n    at callAsyncCircusFn (C:\\Users\\Azeem\\Documents\\github\\Mcom\\vemtap-workspace\\node_modules\\.pnpm\\jest-circus@30.2.0\\node_modules\\jest-circus\\build\\jestAdapterInit.js:1497:10)\n    at _callCircusTest (C:\\Users\\Azeem\\Documents\\github\\Mcom\\vemtap-workspace\\node_modules\\.pnpm\\jest-circus@30.2.0\\node_modules\\jest-circus\\build\\jestAdapterInit.js:1007:40)\n    at processTicksAndRejections (node:internal/process/task_queues:105:5)\n    at _runTest (C:\\Users\\Azeem\\Documents\\github\\Mcom\\vemtap-workspace\\node_modules\\.pnpm\\jest-circus@30.2.0\\node_modules\\jest-circus\\build\\jestAdapterInit.js:947:3)\n    at C:\\Users\\Azeem\\Documents\\github\\Mcom\\vemtap-workspace\\node_modules\\.pnpm\\jest-circus@30.2.0\\node_modules\\jest-circus\\build\\jestAdapterInit.js:849:7\n    at _runTestsForDescribeBlock (C:\\Users\\Azeem\\Documents\\github\\Mcom\\vemtap-workspace\\node_modules\\.pnpm\\jest-circus@30.2.0\\node_modules\\jest-circus\\build\\jestAdapterInit.js:862:11)\n    at _runTestsForDescribeBlock (C:\\Users\\Azeem\\Documents\\github\\Mcom\\vemtap-workspace\\node_modules\\.pnpm\\jest-circus@30.2.0\\node_modules\\jest-circus\\build\\jestAdapterInit.js:857:11)\n    at _runTestsForDescribeBlock (C:\\Users\\Azeem\\Documents\\github\\Mcom\\vemtap-workspace\\node_modules\\.pnpm\\jest-circus@30.2.0\\node_modules\\jest-circus\\build\\jestAdapterInit.js:857:11)\n    at run (C:\\Users\\Azeem\\Documents\\github\\Mcom\\vemtap-workspace\\node_modules\\.pnpm\\jest-circus@30.2.0\\node_modules\\jest-circus\\build\\jestAdapterInit.js:761:3)\n    at runAndTransformResultsToJestFormat (C:\\Users\\Azeem\\Documents\\github\\Mcom\\vemtap-workspace\\node_modules\\.pnpm\\jest-circus@30.2.0\\node_modules\\jest-circus\\build\\jestAdapterInit.js:1918:21)\n    at jestAdapter (C:\\Users\\Azeem\\Documents\\github\\Mcom\\vemtap-workspace\\node_modules\\.pnpm\\jest-circus@30.2.0\\node_modules\\jest-circus\\build\\runner.js:101:19)\n    at runTestInternal (C:\\Users\\Azeem\\Documents\\github\\Mcom\\vemtap-workspace\\node_modules\\.pnpm\\jest-runner@30.2.0\\node_modules\\jest-runner\\build\\testWorker.js:275:16)\n    at runTest (C:\\Users\\Azeem\\Documents\\github\\Mcom\\vemtap-workspace\\node_modules\\.pnpm\\jest-runner@30.2.0\\node_modules\\jest-runner\\build\\testWorker.js:343:7)\n    at Object.worker (C:\\Users\\Azeem\\Documents\\github\\Mcom\\vemtap-workspace\\node_modules\\.pnpm\\jest-runner@30.2.0\\node_modules\\jest-runner\\build\\testWorker.js:497:12)"],"fullName":"UsersService create should throw BadRequestException when trying to create ADMIN","invocations":1,"location":null,"numPassingAsserts":0,"retryReasons":[],"startAt":1771703837557,"status":"failed","title":"should throw BadRequestException when trying to create ADMIN"},{"ancestorTitles":["UsersService","findByBusiness"],"duration":9,"failing":false,"failureDetails":[],"failureMessages":[],"fullName":"UsersService findByBusiness should return users for a business","invocations":1,"location":null,"numPassingAsserts":2,"retryReasons":[],"startAt":1771703837573,"status":"passed","title":"should return users for a business"},{"ancestorTitles":["UsersService","updateStaff"],"duration":7,"failing":false,"failureDetails":[],"failureMessages":[],"fullName":"UsersService updateStaff should update staff details","invocations":1,"location":null,"numPassingAsserts":5,"retryReasons":[],"startAt":1771703837582,"status":"passed","title":"should update staff details"},{"ancestorTitles":["UsersService","updateStaff"],"duration":13,"failing":false,"failureDetails":[],"failureMessages":[],"fullName":"UsersService updateStaff should throw NotFoundException if user not found","invocations":1,"location":null,"numPassingAsserts":1,"retryReasons":[],"startAt":1771703837589,"status":"passed","title":"should throw NotFoundException if user not found"},{"ancestorTitles":["UsersService","updateStaff"],"duration":14,"failing":false,"failureDetails":[],"failureMessages":[],"fullName":"UsersService updateStaff should throw NotFoundException if user belongs to another business","invocations":1,"location":null,"numPassingAsserts":1,"retryReasons":[],"startAt":1771703837602,"status":"passed","title":"should throw NotFoundException if user belongs to another business"},{"ancestorTitles":["UsersService","remove"],"duration":8,"failing":false,"failureDetails":[],"failureMessages":[],"fullName":"UsersService remove should remove staff member","invocations":1,"location":null,"numPassingAsserts":1,"retryReasons":[],"startAt":1771703837617,"status":"passed","title":"should remove staff member"},{"ancestorTitles":["UsersService","remove"],"duration":6,"failing":false,"failureDetails":[],"failureMessages":[],"fullName":"UsersService remove should throw BadRequestException when trying to remove OWNER","invocations":1,"location":null,"numPassingAsserts":1,"retryReasons":[],"startAt":1771703837626,"status":"passed","title":"should throw BadRequestException when trying to remove OWNER"}],"endTime":1771703837686,"message":"\u001b[1m\u001b[31m  \u001b[1m● \u001b[22m\u001b[1mUsersService › create › should throw BadRequestException when trying to create OWNER\u001b[39m\u001b[22m\n\n    \u001b[2mexpect(\u001b[22m\u001b[31mreceived\u001b[39m\u001b[2m).\u001b[22mrejects\u001b[2m.\u001b[22mtoThrow\u001b[2m()\u001b[22m\n\n    Received promise resolved instead of rejected\n    Resolved to value: \u001b[31m{\"businessId\": \"biz-1\", \"email\": \"john@example.com\", \"firstName\": \"John\", \"id\": \"user-1\", \"jobTitle\": \"Sales\", \"lastName\": \"Doe\", \"permissions\": [], \"role\": \"Owner\", \"status\": \"Active\"}\u001b[39m\n\u001b[2m\u001b[22m\n\u001b[2m    \u001b[0m \u001b[90m 60 |\u001b[39m     it(\u001b[32m'should throw BadRequestException when trying to create OWNER'\u001b[39m\u001b[33m,\u001b[39m \u001b[36masync\u001b[39m () \u001b[33m=>\u001b[39m {\u001b[22m\n\u001b[2m     \u001b[90m 61 |\u001b[39m       \u001b[36mconst\u001b[39m dto \u001b[33m=\u001b[39m { \u001b[33m...\u001b[39mmockUser\u001b[33m,\u001b[39m role\u001b[33m:\u001b[39m \u001b[33mUserRole\u001b[39m\u001b[33m.\u001b[39m\u001b[33mOWNER\u001b[39m }\u001b[33m;\u001b[39m\u001b[22m\n\u001b[2m    \u001b[31m\u001b[1m>\u001b[22m\u001b[2m\u001b[39m\u001b[90m 62 |\u001b[39m       \u001b[36mawait\u001b[39m expect(service\u001b[33m.\u001b[39mcreate(dto))\u001b[33m.\u001b[39mrejects\u001b[33m.\u001b[39mtoThrow(\u001b[33mBadRequestException\u001b[39m)\u001b[33m;\u001b[39m\u001b[22m\n\u001b[2m     \u001b[90m    |\u001b[39m             \u001b[31m\u001b[1m^\u001b[22m\u001b[2m\u001b[39m\u001b[22m\n\u001b[2m     \u001b[90m 63 |\u001b[39m     })\u001b[33m;\u001b[39m\u001b[22m\n\u001b[2m     \u001b[90m 64 |\u001b[39m\u001b[22m\n\u001b[2m     \u001b[90m 65 |\u001b[39m     it(\u001b[32m'should throw BadRequestException when trying to create ADMIN'\u001b[39m\u001b[33m,\u001b[39m \u001b[36masync\u001b[39m () \u001b[33m=>\u001b[39m {\u001b[0m\u001b[22m\n\u001b[2m\u001b[22m\n\u001b[2m      \u001b[2mat expect (\u001b[22m\u001b[2m../../../node_modules/.pnpm/expect@30.2.0/node_modules/expect/build/index.js\u001b[2m:2116:15)\u001b[22m\u001b[2m\u001b[22m\n\u001b[2m      \u001b[2mat Object.<anonymous> (\u001b[22m\u001b[2m\u001b[0m\u001b[36mmodules/users/users.service.spec.ts\u001b[39m\u001b[0m\u001b[2m:62:13)\u001b[22m\u001b[2m\u001b[22m\n\n\u001b[1m\u001b[31m  \u001b[1m● \u001b[22m\u001b[1mUsersService › create › should throw BadRequestException when trying to create ADMIN\u001b[39m\u001b[22m\n\n    \u001b[2mexpect(\u001b[22m\u001b[31mreceived\u001b[39m\u001b[2m).\u001b[22mrejects\u001b[2m.\u001b[22mtoThrow\u001b[2m()\u001b[22m\n\n    Received promise resolved instead of rejected\n    Resolved to value: \u001b[31m{\"businessId\": \"biz-1\", \"email\": \"john@example.com\", \"firstName\": \"John\", \"id\": \"user-1\", \"jobTitle\": \"Sales\", \"lastName\": \"Doe\", \"permissions\": [], \"role\": \"Admin\", \"status\": \"Active\"}\u001b[39m\n\u001b[2m\u001b[22m\n\u001b[2m    \u001b[0m \u001b[90m 65 |\u001b[39m     it(\u001b[32m'should throw BadRequestException when trying to create ADMIN'\u001b[39m\u001b[33m,\u001b[39m \u001b[36masync\u001b[39m () \u001b[33m=>\u001b[39m {\u001b[22m\n\u001b[2m     \u001b[90m 66 |\u001b[39m       \u001b[36mconst\u001b[39m dto \u001b[33m=\u001b[39m { \u001b[33m...\u001b[39mmockUser\u001b[33m,\u001b[39m role\u001b[33m:\u001b[39m \u001b[33mUserRole\u001b[39m\u001b[33m.\u001b[39m\u001b[33mADMIN\u001b[39m }\u001b[33m;\u001b[39m\u001b[22m\n\u001b[2m    \u001b[31m\u001b[1m>\u001b[22m\u001b[2m\u001b[39m\u001b[90m 67 |\u001b[39m       \u001b[36mawait\u001b[39m expect(service\u001b[33m.\u001b[39mcreate(dto))\u001b[33m.\u001b[39mrejects\u001b[33m.\u001b[39mtoThrow(\u001b[33mBadRequestException\u001b[39m)\u001b[33m;\u001b[39m\u001b[22m\n\u001b[2m     \u001b[90m    |\u001b[39m             \u001b[31m\u001b[1m^\u001b[22m\u001b[2m\u001b[39m\u001b[22m\n\u001b[2m     \u001b[90m 68 |\u001b[39m     })\u001b[33m;\u001b[39m\u001b[22m\n\u001b[2m     \u001b[90m 69 |\u001b[39m   })\u001b[33m;\u001b[39m\u001b[22m\n\u001b[2m     \u001b[90m 70 |\u001b[39m\u001b[0m\u001b[22m\n\u001b[2m\u001b[22m\n\u001b[2m      \u001b[2mat expect (\u001b[22m\u001b[2m../../../node_modules/.pnpm/expect@30.2.0/node_modules/expect/build/index.js\u001b[2m:2116:15)\u001b[22m\u001b[2m\u001b[22m\n\u001b[2m      \u001b[2mat Object.<anonymous> (\u001b[22m\u001b[2m\u001b[0m\u001b[36mmodules/users/users.service.spec.ts\u001b[39m\u001b[0m\u001b[2m:67:13)\u001b[22m\u001b[2m\u001b[22m\n","name":"C:\\Users\\Azeem\\Documents\\github\\Mcom\\vemtap-workspace\\apps\\backend\\src\\modules\\users\\users.service.spec.ts","startTime":1771703833778,"status":"failed","summary":""},{"assertionResults":[{"ancestorTitles":["AnalyticsController"],"duration":35,"failing":false,"failureDetails":[{"type":"AnalyticsService","context":{"index":0,"dependencies":["VisitRepository","UserRepository"],"name":"VisitRepository"},"metadata":{"id":"eaa430e28fbefa8751e6d"},"moduleRef":{"id":"27a523224beaa430e28fb"}}],"failureMessages":["Error: Nest can't resolve dependencies of the AnalyticsService (?, UserRepository). Please make sure that the argument \"VisitRepository\" at index [0] is available in the RootTestModule context.\n\nPotential solutions:\n- Is RootTestModule a valid NestJS module?\n- If \"VisitRepository\" is a provider, is it part of the current RootTestModule?\n- If \"VisitRepository\" is exported from a separate @Module, is that module imported within RootTestModule?\n  @Module({\n    imports: [ /* the Module containing \"VisitRepository\" */ ]\n  })\n\nFor more common dependency resolution issues, see: https://docs.nestjs.com/faq/common-errors\n    at TestingInjector.lookupComponentInParentModules (C:\\Users\\Azeem\\Documents\\github\\Mcom\\vemtap-workspace\\node_modules\\.pnpm\\@nestjs+core@11.1.14_@nestj_488fcd591e5c2c52e06716874218c4c2\\node_modules\\@nestjs\\core\\injector\\injector.js:290:19)\n    at processTicksAndRejections (node:internal/process/task_queues:105:5)\n    at TestingInjector.resolveComponentWrapper (C:\\Users\\Azeem\\Documents\\github\\Mcom\\vemtap-workspace\\node_modules\\.pnpm\\@nestjs+testing@11.1.14_@ne_3c12c068d6af4247d49797d76634c0bc\\node_modules\\@nestjs\\testing\\testing-injector.js:19:45)\n    at resolveParam (C:\\Users\\Azeem\\Documents\\github\\Mcom\\vemtap-workspace\\node_modules\\.pnpm\\@nestjs+core@11.1.14_@nestj_488fcd591e5c2c52e06716874218c4c2\\node_modules\\@nestjs\\core\\injector\\injector.js:140:38)\n    at async Promise.all (index 0)\n    at TestingInjector.resolveConstructorParams (C:\\Users\\Azeem\\Documents\\github\\Mcom\\vemtap-workspace\\node_modules\\.pnpm\\@nestjs+core@11.1.14_@nestj_488fcd591e5c2c52e06716874218c4c2\\node_modules\\@nestjs\\core\\injector\\injector.js:169:27)\n    at TestingInjector.loadInstance (C:\\Users\\Azeem\\Documents\\github\\Mcom\\vemtap-workspace\\node_modules\\.pnpm\\@nestjs+core@11.1.14_@nestj_488fcd591e5c2c52e06716874218c4c2\\node_modules\\@nestjs\\core\\injector\\injector.js:75:13)\n    at TestingInjector.loadProvider (C:\\Users\\Azeem\\Documents\\github\\Mcom\\vemtap-workspace\\node_modules\\.pnpm\\@nestjs+core@11.1.14_@nestj_488fcd591e5c2c52e06716874218c4c2\\node_modules\\@nestjs\\core\\injector\\injector.js:103:9)\n    at C:\\Users\\Azeem\\Documents\\github\\Mcom\\vemtap-workspace\\node_modules\\.pnpm\\@nestjs+core@11.1.14_@nestj_488fcd591e5c2c52e06716874218c4c2\\node_modules\\@nestjs\\core\\injector\\instance-loader.js:56:13\n    at async Promise.all (index 3)\n    at TestingInstanceLoader.createInstancesOfProviders (C:\\Users\\Azeem\\Documents\\github\\Mcom\\vemtap-workspace\\node_modules\\.pnpm\\@nestjs+core@11.1.14_@nestj_488fcd591e5c2c52e06716874218c4c2\\node_modules\\@nestjs\\core\\injector\\instance-loader.js:55:9)\n    at C:\\Users\\Azeem\\Documents\\github\\Mcom\\vemtap-workspace\\node_modules\\.pnpm\\@nestjs+core@11.1.14_@nestj_488fcd591e5c2c52e06716874218c4c2\\node_modules\\@nestjs\\core\\injector\\instance-loader.js:40:13\n    at async Promise.all (index 1)\n    at TestingInstanceLoader.createInstances (C:\\Users\\Azeem\\Documents\\github\\Mcom\\vemtap-workspace\\node_modules\\.pnpm\\@nestjs+core@11.1.14_@nestj_488fcd591e5c2c52e06716874218c4c2\\node_modules\\@nestjs\\core\\injector\\instance-loader.js:39:9)\n    at TestingInstanceLoader.createInstancesOfDependencies (C:\\Users\\Azeem\\Documents\\github\\Mcom\\vemtap-workspace\\node_modules\\.pnpm\\@nestjs+core@11.1.14_@nestj_488fcd591e5c2c52e06716874218c4c2\\node_modules\\@nestjs\\core\\injector\\instance-loader.js:22:13)\n    at TestingInstanceLoader.createInstancesOfDependencies (C:\\Users\\Azeem\\Documents\\github\\Mcom\\vemtap-workspace\\node_modules\\.pnpm\\@nestjs+testing@11.1.14_@ne_3c12c068d6af4247d49797d76634c0bc\\node_modules\\@nestjs\\testing\\testing-instance-loader.js:9:9)\n    at TestingModuleBuilder.createInstancesOfDependencies (C:\\Users\\Azeem\\Documents\\github\\Mcom\\vemtap-workspace\\node_modules\\.pnpm\\@nestjs+testing@11.1.14_@ne_3c12c068d6af4247d49797d76634c0bc\\node_modules\\@nestjs\\testing\\testing-module.builder.js:118:9)\n    at TestingModuleBuilder.compile (C:\\Users\\Azeem\\Documents\\github\\Mcom\\vemtap-workspace\\node_modules\\.pnpm\\@nestjs+testing@11.1.14_@ne_3c12c068d6af4247d49797d76634c0bc\\node_modules\\@nestjs\\testing\\testing-module.builder.js:74:9)\n    at Object.<anonymous> (C:\\Users\\Azeem\\Documents\\github\\Mcom\\vemtap-workspace\\apps\\backend\\src\\modules\\analytics\\analytics.controller.spec.ts:11:39)"],"fullName":"AnalyticsController should be defined","invocations":1,"location":null,"numPassingAsserts":0,"retryReasons":[],"startAt":1771703837770,"status":"failed","title":"should be defined"},{"ancestorTitles":["AnalyticsController","getDashboardAnalytics"],"duration":9,"failing":false,"failureDetails":[{"type":"AnalyticsService","context":{"index":0,"dependencies":["VisitRepository","UserRepository"],"name":"VisitRepository"},"metadata":{"id":"733b874cfa7daf14c6009"},"moduleRef":{"id":"1e6da4da45733b874cfa7"}}],"failureMessages":["Error: Nest can't resolve dependencies of the AnalyticsService (?, UserRepository). Please make sure that the argument \"VisitRepository\" at index [0] is available in the RootTestModule context.\n\nPotential solutions:\n- Is RootTestModule a valid NestJS module?\n- If \"VisitRepository\" is a provider, is it part of the current RootTestModule?\n- If \"VisitRepository\" is exported from a separate @Module, is that module imported within RootTestModule?\n  @Module({\n    imports: [ /* the Module containing \"VisitRepository\" */ ]\n  })\n\nFor more common dependency resolution issues, see: https://docs.nestjs.com/faq/common-errors\n    at TestingInjector.lookupComponentInParentModules (C:\\Users\\Azeem\\Documents\\github\\Mcom\\vemtap-workspace\\node_modules\\.pnpm\\@nestjs+core@11.1.14_@nestj_488fcd591e5c2c52e06716874218c4c2\\node_modules\\@nestjs\\core\\injector\\injector.js:290:19)\n    at processTicksAndRejections (node:internal/process/task_queues:105:5)\n    at TestingInjector.resolveComponentWrapper (C:\\Users\\Azeem\\Documents\\github\\Mcom\\vemtap-workspace\\node_modules\\.pnpm\\@nestjs+testing@11.1.14_@ne_3c12c068d6af4247d49797d76634c0bc\\node_modules\\@nestjs\\testing\\testing-injector.js:19:45)\n    at resolveParam (C:\\Users\\Azeem\\Documents\\github\\Mcom\\vemtap-workspace\\node_modules\\.pnpm\\@nestjs+core@11.1.14_@nestj_488fcd591e5c2c52e06716874218c4c2\\node_modules\\@nestjs\\core\\injector\\injector.js:140:38)\n    at async Promise.all (index 0)\n    at TestingInjector.resolveConstructorParams (C:\\Users\\Azeem\\Documents\\github\\Mcom\\vemtap-workspace\\node_modules\\.pnpm\\@nestjs+core@11.1.14_@nestj_488fcd591e5c2c52e06716874218c4c2\\node_modules\\@nestjs\\core\\injector\\injector.js:169:27)\n    at TestingInjector.loadInstance (C:\\Users\\Azeem\\Documents\\github\\Mcom\\vemtap-workspace\\node_modules\\.pnpm\\@nestjs+core@11.1.14_@nestj_488fcd591e5c2c52e06716874218c4c2\\node_modules\\@nestjs\\core\\injector\\injector.js:75:13)\n    at TestingInjector.loadProvider (C:\\Users\\Azeem\\Documents\\github\\Mcom\\vemtap-workspace\\node_modules\\.pnpm\\@nestjs+core@11.1.14_@nestj_488fcd591e5c2c52e06716874218c4c2\\node_modules\\@nestjs\\core\\injector\\injector.js:103:9)\n    at C:\\Users\\Azeem\\Documents\\github\\Mcom\\vemtap-workspace\\node_modules\\.pnpm\\@nestjs+core@11.1.14_@nestj_488fcd591e5c2c52e06716874218c4c2\\node_modules\\@nestjs\\core\\injector\\instance-loader.js:56:13\n    at async Promise.all (index 3)\n    at TestingInstanceLoader.createInstancesOfProviders (C:\\Users\\Azeem\\Documents\\github\\Mcom\\vemtap-workspace\\node_modules\\.pnpm\\@nestjs+core@11.1.14_@nestj_488fcd591e5c2c52e06716874218c4c2\\node_modules\\@nestjs\\core\\injector\\instance-loader.js:55:9)\n    at C:\\Users\\Azeem\\Documents\\github\\Mcom\\vemtap-workspace\\node_modules\\.pnpm\\@nestjs+core@11.1.14_@nestj_488fcd591e5c2c52e06716874218c4c2\\node_modules\\@nestjs\\core\\injector\\instance-loader.js:40:13\n    at async Promise.all (index 1)\n    at TestingInstanceLoader.createInstances (C:\\Users\\Azeem\\Documents\\github\\Mcom\\vemtap-workspace\\node_modules\\.pnpm\\@nestjs+core@11.1.14_@nestj_488fcd591e5c2c52e06716874218c4c2\\node_modules\\@nestjs\\core\\injector\\instance-loader.js:39:9)\n    at TestingInstanceLoader.createInstancesOfDependencies (C:\\Users\\Azeem\\Documents\\github\\Mcom\\vemtap-workspace\\node_modules\\.pnpm\\@nestjs+core@11.1.14_@nestj_488fcd591e5c2c52e06716874218c4c2\\node_modules\\@nestjs\\core\\injector\\instance-loader.js:22:13)\n    at TestingInstanceLoader.createInstancesOfDependencies (C:\\Users\\Azeem\\Documents\\github\\Mcom\\vemtap-workspace\\node_modules\\.pnpm\\@nestjs+testing@11.1.14_@ne_3c12c068d6af4247d49797d76634c0bc\\node_modules\\@nestjs\\testing\\testing-instance-loader.js:9:9)\n    at TestingModuleBuilder.createInstancesOfDependencies (C:\\Users\\Azeem\\Documents\\github\\Mcom\\vemtap-workspace\\node_modules\\.pnpm\\@nestjs+testing@11.1.14_@ne_3c12c068d6af4247d49797d76634c0bc\\node_modules\\@nestjs\\testing\\testing-module.builder.js:118:9)\n    at TestingModuleBuilder.compile (C:\\Users\\Azeem\\Documents\\github\\Mcom\\vemtap-workspace\\node_modules\\.pnpm\\@nestjs+testing@11.1.14_@ne_3c12c068d6af4247d49797d76634c0bc\\node_modules\\@nestjs\\testing\\testing-module.builder.js:74:9)\n    at Object.<anonymous> (C:\\Users\\Azeem\\Documents\\github\\Mcom\\vemtap-workspace\\apps\\backend\\src\\modules\\analytics\\analytics.controller.spec.ts:11:39)"],"fullName":"AnalyticsController getDashboardAnalytics should return dashboard analytics data","invocations":1,"location":null,"numPassingAsserts":0,"retryReasons":[],"startAt":1771703837820,"status":"failed","title":"should return dashboard analytics data"},{"ancestorTitles":["AnalyticsController","getFootfallAnalytics"],"duration":5,"failing":false,"failureDetails":[{"type":"AnalyticsService","context":{"index":0,"dependencies":["VisitRepository","UserRepository"],"name":"VisitRepository"},"metadata":{"id":"54e9e06b10417e76bd5e9"},"moduleRef":{"id":"6009b7028054e9e06b104"}}],"failureMessages":["Error: Nest can't resolve dependencies of the AnalyticsService (?, UserRepository). Please make sure that the argument \"VisitRepository\" at index [0] is available in the RootTestModule context.\n\nPotential solutions:\n- Is RootTestModule a valid NestJS module?\n- If \"VisitRepository\" is a provider, is it part of the current RootTestModule?\n- If \"VisitRepository\" is exported from a separate @Module, is that module imported within RootTestModule?\n  @Module({\n    imports: [ /* the Module containing \"VisitRepository\" */ ]\n  })\n\nFor more common dependency resolution issues, see: https://docs.nestjs.com/faq/common-errors\n    at TestingInjector.lookupComponentInParentModules (C:\\Users\\Azeem\\Documents\\github\\Mcom\\vemtap-workspace\\node_modules\\.pnpm\\@nestjs+core@11.1.14_@nestj_488fcd591e5c2c52e06716874218c4c2\\node_modules\\@nestjs\\core\\injector\\injector.js:290:19)\n    at processTicksAndRejections (node:internal/process/task_queues:105:5)\n    at TestingInjector.resolveComponentWrapper (C:\\Users\\Azeem\\Documents\\github\\Mcom\\vemtap-workspace\\node_modules\\.pnpm\\@nestjs+testing@11.1.14_@ne_3c12c068d6af4247d49797d76634c0bc\\node_modules\\@nestjs\\testing\\testing-injector.js:19:45)\n    at resolveParam (C:\\Users\\Azeem\\Documents\\github\\Mcom\\vemtap-workspace\\node_modules\\.pnpm\\@nestjs+core@11.1.14_@nestj_488fcd591e5c2c52e06716874218c4c2\\node_modules\\@nestjs\\core\\injector\\injector.js:140:38)\n    at async Promise.all (index 0)\n    at TestingInjector.resolveConstructorParams (C:\\Users\\Azeem\\Documents\\github\\Mcom\\vemtap-workspace\\node_modules\\.pnpm\\@nestjs+core@11.1.14_@nestj_488fcd591e5c2c52e06716874218c4c2\\node_modules\\@nestjs\\core\\injector\\injector.js:169:27)\n    at TestingInjector.loadInstance (C:\\Users\\Azeem\\Documents\\github\\Mcom\\vemtap-workspace\\node_modules\\.pnpm\\@nestjs+core@11.1.14_@nestj_488fcd591e5c2c52e06716874218c4c2\\node_modules\\@nestjs\\core\\injector\\injector.js:75:13)\n    at TestingInjector.loadProvider (C:\\Users\\Azeem\\Documents\\github\\Mcom\\vemtap-workspace\\node_modules\\.pnpm\\@nestjs+core@11.1.14_@nestj_488fcd591e5c2c52e06716874218c4c2\\node_modules\\@nestjs\\core\\injector\\injector.js:103:9)\n    at C:\\Users\\Azeem\\Documents\\github\\Mcom\\vemtap-workspace\\node_modules\\.pnpm\\@nestjs+core@11.1.14_@nestj_488fcd591e5c2c52e06716874218c4c2\\node_modules\\@nestjs\\core\\injector\\instance-loader.js:56:13\n    at async Promise.all (index 3)\n    at TestingInstanceLoader.createInstancesOfProviders (C:\\Users\\Azeem\\Documents\\github\\Mcom\\vemtap-workspace\\node_modules\\.pnpm\\@nestjs+core@11.1.14_@nestj_488fcd591e5c2c52e06716874218c4c2\\node_modules\\@nestjs\\core\\injector\\instance-loader.js:55:9)\n    at C:\\Users\\Azeem\\Documents\\github\\Mcom\\vemtap-workspace\\node_modules\\.pnpm\\@nestjs+core@11.1.14_@nestj_488fcd591e5c2c52e06716874218c4c2\\node_modules\\@nestjs\\core\\injector\\instance-loader.js:40:13\n    at async Promise.all (index 1)\n    at TestingInstanceLoader.createInstances (C:\\Users\\Azeem\\Documents\\github\\Mcom\\vemtap-workspace\\node_modules\\.pnpm\\@nestjs+core@11.1.14_@nestj_488fcd591e5c2c52e06716874218c4c2\\node_modules\\@nestjs\\core\\injector\\instance-loader.js:39:9)\n    at TestingInstanceLoader.createInstancesOfDependencies (C:\\Users\\Azeem\\Documents\\github\\Mcom\\vemtap-workspace\\node_modules\\.pnpm\\@nestjs+core@11.1.14_@nestj_488fcd591e5c2c52e06716874218c4c2\\node_modules\\@nestjs\\core\\injector\\instance-loader.js:22:13)\n    at TestingInstanceLoader.createInstancesOfDependencies (C:\\Users\\Azeem\\Documents\\github\\Mcom\\vemtap-workspace\\node_modules\\.pnpm\\@nestjs+testing@11.1.14_@ne_3c12c068d6af4247d49797d76634c0bc\\node_modules\\@nestjs\\testing\\testing-instance-loader.js:9:9)\n    at TestingModuleBuilder.createInstancesOfDependencies (C:\\Users\\Azeem\\Documents\\github\\Mcom\\vemtap-workspace\\node_modules\\.pnpm\\@nestjs+testing@11.1.14_@ne_3c12c068d6af4247d49797d76634c0bc\\node_modules\\@nestjs\\testing\\testing-module.builder.js:118:9)\n    at TestingModuleBuilder.compile (C:\\Users\\Azeem\\Documents\\github\\Mcom\\vemtap-workspace\\node_modules\\.pnpm\\@nestjs+testing@11.1.14_@ne_3c12c068d6af4247d49797d76634c0bc\\node_modules\\@nestjs\\testing\\testing-module.builder.js:74:9)\n    at Object.<anonymous> (C:\\Users\\Azeem\\Documents\\github\\Mcom\\vemtap-workspace\\apps\\backend\\src\\modules\\analytics\\analytics.controller.spec.ts:11:39)"],"fullName":"AnalyticsController getFootfallAnalytics should return footfall analytics data","invocations":1,"location":null,"numPassingAsserts":0,"retryReasons":[],"startAt":1771703837831,"status":"failed","title":"should return footfall analytics data"},{"ancestorTitles":["AnalyticsController","getPeakTimesAnalytics"],"duration":12,"failing":false,"failureDetails":[{"type":"AnalyticsService","context":{"index":0,"dependencies":["VisitRepository","UserRepository"],"name":"VisitRepository"},"metadata":{"id":"705b7249012b11123dbab"},"moduleRef":{"id":"d5e96dc638705b7249012"}}],"failureMessages":["Error: Nest can't resolve dependencies of the AnalyticsService (?, UserRepository). Please make sure that the argument \"VisitRepository\" at index [0] is available in the RootTestModule context.\n\nPotential solutions:\n- Is RootTestModule a valid NestJS module?\n- If \"VisitRepository\" is a provider, is it part of the current RootTestModule?\n- If \"VisitRepository\" is exported from a separate @Module, is that module imported within RootTestModule?\n  @Module({\n    imports: [ /* the Module containing \"VisitRepository\" */ ]\n  })\n\nFor more common dependency resolution issues, see: https://docs.nestjs.com/faq/common-errors\n    at TestingInjector.lookupComponentInParentModules (C:\\Users\\Azeem\\Documents\\github\\Mcom\\vemtap-workspace\\node_modules\\.pnpm\\@nestjs+core@11.1.14_@nestj_488fcd591e5c2c52e06716874218c4c2\\node_modules\\@nestjs\\core\\injector\\injector.js:290:19)\n    at processTicksAndRejections (node:internal/process/task_queues:105:5)\n    at TestingInjector.resolveComponentWrapper (C:\\Users\\Azeem\\Documents\\github\\Mcom\\vemtap-workspace\\node_modules\\.pnpm\\@nestjs+testing@11.1.14_@ne_3c12c068d6af4247d49797d76634c0bc\\node_modules\\@nestjs\\testing\\testing-injector.js:19:45)\n    at resolveParam (C:\\Users\\Azeem\\Documents\\github\\Mcom\\vemtap-workspace\\node_modules\\.pnpm\\@nestjs+core@11.1.14_@nestj_488fcd591e5c2c52e06716874218c4c2\\node_modules\\@nestjs\\core\\injector\\injector.js:140:38)\n    at async Promise.all (index 0)\n    at TestingInjector.resolveConstructorParams (C:\\Users\\Azeem\\Documents\\github\\Mcom\\vemtap-workspace\\node_modules\\.pnpm\\@nestjs+core@11.1.14_@nestj_488fcd591e5c2c52e06716874218c4c2\\node_modules\\@nestjs\\core\\injector\\injector.js:169:27)\n    at TestingInjector.loadInstance (C:\\Users\\Azeem\\Documents\\github\\Mcom\\vemtap-workspace\\node_modules\\.pnpm\\@nestjs+core@11.1.14_@nestj_488fcd591e5c2c52e06716874218c4c2\\node_modules\\@nestjs\\core\\injector\\injector.js:75:13)\n    at TestingInjector.loadProvider (C:\\Users\\Azeem\\Documents\\github\\Mcom\\vemtap-workspace\\node_modules\\.pnpm\\@nestjs+core@11.1.14_@nestj_488fcd591e5c2c52e06716874218c4c2\\node_modules\\@nestjs\\core\\injector\\injector.js:103:9)\n    at C:\\Users\\Azeem\\Documents\\github\\Mcom\\vemtap-workspace\\node_modules\\.pnpm\\@nestjs+core@11.1.14_@nestj_488fcd591e5c2c52e06716874218c4c2\\node_modules\\@nestjs\\core\\injector\\instance-loader.js:56:13\n    at async Promise.all (index 3)\n    at TestingInstanceLoader.createInstancesOfProviders (C:\\Users\\Azeem\\Documents\\github\\Mcom\\vemtap-workspace\\node_modules\\.pnpm\\@nestjs+core@11.1.14_@nestj_488fcd591e5c2c52e06716874218c4c2\\node_modules\\@nestjs\\core\\injector\\instance-loader.js:55:9)\n    at C:\\Users\\Azeem\\Documents\\github\\Mcom\\vemtap-workspace\\node_modules\\.pnpm\\@nestjs+core@11.1.14_@nestj_488fcd591e5c2c52e06716874218c4c2\\node_modules\\@nestjs\\core\\injector\\instance-loader.js:40:13\n    at async Promise.all (index 1)\n    at TestingInstanceLoader.createInstances (C:\\Users\\Azeem\\Documents\\github\\Mcom\\vemtap-workspace\\node_modules\\.pnpm\\@nestjs+core@11.1.14_@nestj_488fcd591e5c2c52e06716874218c4c2\\node_modules\\@nestjs\\core\\injector\\instance-loader.js:39:9)\n    at TestingInstanceLoader.createInstancesOfDependencies (C:\\Users\\Azeem\\Documents\\github\\Mcom\\vemtap-workspace\\node_modules\\.pnpm\\@nestjs+core@11.1.14_@nestj_488fcd591e5c2c52e06716874218c4c2\\node_modules\\@nestjs\\core\\injector\\instance-loader.js:22:13)\n    at TestingInstanceLoader.createInstancesOfDependencies (C:\\Users\\Azeem\\Documents\\github\\Mcom\\vemt
[...]
hed products","invocations":1,"location":null,"numPassingAsserts":2,"retryReasons":[],"startAt":1771703839078,"status":"passed","title":"should return only published products"},{"ancestorTitles":["ProductsService","findAllAdmin"],"duration":3,"failing":false,"failureDetails":[],"failureMessages":[],"fullName":"ProductsService findAllAdmin should return all products","invocations":1,"location":null,"numPassingAsserts":2,"retryReasons":[],"startAt":1771703839082,"status":"passed","title":"should return all products"},{"ancestorTitles":["ProductsService","findOne"],"duration":14,"failing":false,"failureDetails":[],"failureMessages":[],"fullName":"ProductsService findOne should return a product if found","invocations":1,"location":null,"numPassingAsserts":2,"retryReasons":[],"startAt":1771703839085,"status":"passed","title":"should return a product if found"},{"ancestorTitles":["ProductsService","findOne"],"duration":38,"failing":false,"failureDetails":[],"failureMessages":[],"fullName":"ProductsService findOne should throw NotFoundException if not found","invocations":1,"location":null,"numPassingAsserts":1,"retryReasons":[],"startAt":1771703839099,"status":"passed","title":"should throw NotFoundException if not found"},{"ancestorTitles":["ProductsService","update"],"duration":4,"failing":false,"failureDetails":[],"failureMessages":[],"fullName":"ProductsService update should update a product","invocations":1,"location":null,"numPassingAsserts":2,"retryReasons":[],"startAt":1771703839141,"status":"passed","title":"should update a product"},{"ancestorTitles":["ProductsService","remove"],"duration":3,"failing":false,"failureDetails":[],"failureMessages":[],"fullName":"ProductsService remove should remove a product","invocations":1,"location":null,"numPassingAsserts":1,"retryReasons":[],"startAt":1771703839145,"status":"passed","title":"should remove a product"},{"ancestorTitles":["ProductsService","requestQuote"],"duration":13,"failing":false,"failureDetails":[],"failureMessages":[],"fullName":"ProductsService requestQuote should create a quote request","invocations":1,"location":null,"numPassingAsserts":4,"retryReasons":[],"startAt":1771703839149,"status":"passed","title":"should create a quote request"},{"ancestorTitles":["ProductsService","negotiateQuote"],"duration":13,"failing":false,"failureDetails":[],"failureMessages":[],"fullName":"ProductsService negotiateQuote should throw if quote not found","invocations":1,"location":null,"numPassingAsserts":1,"retryReasons":[],"startAt":1771703839162,"status":"passed","title":"should throw if quote not found"},{"ancestorTitles":["ProductsService","negotiateQuote"],"duration":4,"failing":false,"failureDetails":[],"failureMessages":[],"fullName":"ProductsService negotiateQuote should successfully negotiate","invocations":1,"location":null,"numPassingAsserts":2,"retryReasons":[],"startAt":1771703839175,"status":"passed","title":"should successfully negotiate"},{"ancestorTitles":["ProductsService","acceptQuote"],"duration":4,"failing":false,"failureDetails":[],"failureMessages":[],"fullName":"ProductsService acceptQuote should accept quote and create order","invocations":1,"location":null,"numPassingAsserts":3,"retryReasons":[],"startAt":1771703839179,"status":"passed","title":"should accept quote and create order"},{"ancestorTitles":["ProductsService","markOrderReady"],"duration":7,"failing":false,"failureDetails":[],"failureMessages":[],"fullName":"ProductsService markOrderReady should mark order as ready","invocations":1,"location":null,"numPassingAsserts":1,"retryReasons":[],"startAt":1771703839183,"status":"passed","title":"should mark order as ready"}],"endTime":1771703839192,"message":"","name":"C:\\Users\\Azeem\\Documents\\github\\Mcom\\vemtap-workspace\\apps\\backend\\src\\modules\\products\\products.service.spec.ts","startTime":1771703838013,"status":"passed","summary":""},{"assertionResults":[{"ancestorTitles":["PlansService"],"duration":10,"failing":false,"failureDetails":[],"failureMessages":[],"fullName":"PlansService should be defined","invocations":1,"location":null,"numPassingAsserts":1,"retryReasons":[],"startAt":1771703839395,"status":"passed","title":"should be defined"},{"ancestorTitles":["PlansService"],"duration":7,"failing":false,"failureDetails":[],"failureMessages":[],"fullName":"PlansService should create a new plan","invocations":1,"location":null,"numPassingAsserts":3,"retryReasons":[],"startAt":1771703839405,"status":"passed","title":"should create a new plan"},{"ancestorTitles":["PlansService"],"duration":31,"failing":false,"failureDetails":[],"failureMessages":[],"fullName":"PlansService should return all plans","invocations":1,"location":null,"numPassingAsserts":2,"retryReasons":[],"startAt":1771703839412,"status":"passed","title":"should return all plans"},{"ancestorTitles":["PlansService"],"duration":6,"failing":false,"failureDetails":[],"failureMessages":[],"fullName":"PlansService should return one plan by id","invocations":1,"location":null,"numPassingAsserts":2,"retryReasons":[],"startAt":1771703839443,"status":"passed","title":"should return one plan by id"},{"ancestorTitles":["PlansService"],"duration":20,"failing":false,"failureDetails":[],"failureMessages":[],"fullName":"PlansService should update a plan","invocations":1,"location":null,"numPassingAsserts":2,"retryReasons":[],"startAt":1771703839451,"status":"passed","title":"should update a plan"},{"ancestorTitles":["PlansService"],"duration":4,"failing":false,"failureDetails":[],"failureMessages":[],"fullName":"PlansService should remove a plan","invocations":1,"location":null,"numPassingAsserts":1,"retryReasons":[],"startAt":1771703839471,"status":"passed","title":"should remove a plan"}],"endTime":1771703839476,"message":"","name":"C:\\Users\\Azeem\\Documents\\github\\Mcom\\vemtap-workspace\\apps\\backend\\src\\modules\\subscriptions\\plans.service.spec.ts","startTime":1771703838478,"status":"passed","summary":""},{"assertionResults":[{"ancestorTitles":["DevicesService"],"duration":8,"failing":false,"failureDetails":[],"failureMessages":[],"fullName":"DevicesService should create a device","invocations":1,"location":null,"numPassingAsserts":1,"retryReasons":[],"startAt":1771703839472,"status":"passed","title":"should create a device"},{"ancestorTitles":["DevicesService"],"duration":32,"failing":false,"failureDetails":[],"failureMessages":[],"fullName":"DevicesService should throw ConflictException if code exists","invocations":1,"location":null,"numPassingAsserts":1,"retryReasons":[],"startAt":1771703839480,"status":"passed","title":"should throw ConflictException if code exists"},{"ancestorTitles":["DevicesService"],"duration":5,"failing":false,"failureDetails":[],"failureMessages":[],"fullName":"DevicesService should return stats","invocations":1,"location":null,"numPassingAsserts":4,"retryReasons":[],"startAt":1771703839512,"status":"passed","title":"should return stats"},{"ancestorTitles":["DevicesService","generateDevicesForReadyOrders"],"duration":14,"failing":false,"failureDetails":[],"failureMessages":[],"fullName":"DevicesService generateDevicesForReadyOrders should generate devices correctly based on ready orders amount not yet generated","invocations":1,"location":null,"numPassingAsserts":5,"retryReasons":[],"startAt":1771703839517,"status":"passed","title":"should generate devices correctly based on ready orders amount not yet generated"},{"ancestorTitles":["DevicesService","generateDevicesForReadyOrders"],"duration":6,"failing":false,"failureDetails":[],"failureMessages":[],"fullName":"DevicesService generateDevicesForReadyOrders should handle missing quote or no remaining devices gracefully","invocations":1,"location":null,"numPassingAsserts":2,"retryReasons":[],"startAt":1771703839531,"status":"passed","title":"should handle missing quote or no remaining devices gracefully"},{"ancestorTitles":["DevicesService","updateAssetNames"],"duration":6,"failing":false,"failureDetails":[],"failureMessages":[],"fullName":"DevicesService updateAssetNames should update name for matching assets","invocations":1,"location":null,"numPassingAsserts":3,"retryReasons":[],"startAt":1771703839537,"status":"passed","title":"should update name for matching assets"}],"endTime":1771703839547,"message":"","name":"C:\\Users\\Azeem\\Documents\\github\\Mcom\\vemtap-workspace\\apps\\backend\\src\\modules\\devices\\devices.service.spec.ts","startTime":1771703838485,"status":"passed","summary":""},{"assertionResults":[{"ancestorTitles":["AuthService","registerOwner"],"duration":148,"failing":false,"failureDetails":[],"failureMessages":[],"fullName":"AuthService registerOwner should register an owner and a business","invocations":1,"location":null,"numPassingAsserts":4,"retryReasons":[],"startAt":1771703839400,"status":"passed","title":"should register an owner and a business"},{"ancestorTitles":["AuthService","registerOwner"],"duration":34,"failing":false,"failureDetails":[],"failureMessages":[],"fullName":"AuthService registerOwner should throw ConflictException if email exists","invocations":1,"location":null,"numPassingAsserts":1,"retryReasons":[],"startAt":1771703839548,"status":"passed","title":"should throw ConflictException if email exists"}],"endTime":1771703839584,"message":"","name":"C:\\Users\\Azeem\\Documents\\github\\Mcom\\vemtap-workspace\\apps\\backend\\src\\modules\\auth\\auth.service.spec.ts","startTime":1771703837990,"status":"passed","summary":""},{"assertionResults":[{"ancestorTitles":["InboxService","sendReply"],"duration":39,"failing":false,"failureDetails":[],"failureMessages":[],"fullName":"InboxService sendReply should throw NotFoundException if thread does not exist","invocations":1,"location":null,"numPassingAsserts":1,"retryReasons":[],"startAt":1771703839542,"status":"passed","title":"should throw NotFoundException if thread does not exist"},{"ancestorTitles":["InboxService","sendReply"],"duration":20,"failing":false,"failureDetails":[],"failureMessages":[],"fullName":"InboxService sendReply should send reply via engine, update thread status to OPEN, and return message","invocations":1,"location":null,"numPassingAsserts":5,"retryReasons":[],"startAt":1771703839582,"status":"passed","title":"should send reply via engine, update thread status to OPEN, and return message"},{"ancestorTitles":["InboxService","closeInactiveThreads"],"duration":7,"failing":false,"failureDetails":[],"failureMessages":[],"fullName":"InboxService closeInactiveThreads should execute query builder to update inactive threads","invocations":1,"location":null,"numPassingAsserts":1,"retryReasons":[],"startAt":1771703839602,"status":"passed","title":"should execute query builder to update inactive threads"}],"endTime":1771703839610,"message":"","name":"C:\\Users\\Azeem\\Documents\\github\\Mcom\\vemtap-workspace\\apps\\backend\\src\\modules\\messaging\\services\\inbox.service.spec.ts","startTime":1771703837621,"status":"passed","summary":""},{"assertionResults":[{"ancestorTitles":["BatchSendProcessor","process"],"duration":19,"failing":false,"failureDetails":[],"failureMessages":[],"fullName":"BatchSendProcessor process should return 0 success if business is not found","invocations":1,"location":null,"numPassingAsserts":3,"retryReasons":[],"startAt":1771703839798,"status":"passed","title":"should return 0 success if business is not found"},{"ancestorTitles":["BatchSendProcessor","process"],"duration":6,"failing":false,"failureDetails":[],"failureMessages":[],"fullName":"BatchSendProcessor process should process contacts and increment success/failure counts accordingly","invocations":1,"location":null,"numPassingAsserts":3,"retryReasons":[],"startAt":1771703839818,"status":"passed","title":"should process contacts and increment success/failure counts accordingly"}],"endTime":1771703839825,"message":"","name":"C:\\Users\\Azeem\\Documents\\github\\Mcom\\vemtap-workspace\\apps\\backend\\src\\modules\\messaging\\processors\\batch-send.processor.spec.ts","startTime":1771703837717,"status":"passed","summary":""},{"assertionResults":[{"ancestorTitles":["ComplianceService","validateConsentBeforeSend"],"duration":22,"failing":false,"failureDetails":[],"failureMessages":[],"fullName":"ComplianceService validateConsentBeforeSend should throw ForbiddenException if contact is opted out entirely","invocations":1,"location":null,"numPassingAsserts":1,"retryReasons":[],"startAt":1771703840127,"status":"passed","title":"should throw ForbiddenException if contact is opted out entirely"},{"ancestorTitles":["ComplianceService","validateConsentBeforeSend"],"duration":6,"failing":false,"failureDetails":[],"failureMessages":[],"fullName":"ComplianceService validateConsentBeforeSend should throw ForbiddenException if contact has not opted into the channel","invocations":1,"location":null,"numPassingAsserts":1,"retryReasons":[],"startAt":1771703840150,"status":"passed","title":"should throw ForbiddenException if contact has not opted into the channel"},{"ancestorTitles":["ComplianceService","validateConsentBeforeSend"],"duration":3,"failing":false,"failureDetails":[],"failureMessages":[],"fullName":"ComplianceService validateConsentBeforeSend should pass normally if contact is opted in for the channel","invocations":1,"location":null,"numPassingAsserts":1,"retryReasons":[],"startAt":1771703840156,"status":"passed","title":"should pass normally if contact is opted in for the channel"},{"ancestorTitles":["ComplianceService","handleOptOut"],"duration":3,"failing":false,"failureDetails":[],"failureMessages":[],"fullName":"ComplianceService handleOptOut should update contact optOut status and clear channels","invocations":1,"location":null,"numPassingAsserts":2,"retryReasons":[],"startAt":1771703840159,"status":"passed","title":"should update contact optOut status and clear channels"}],"endTime":1771703840163,"message":"","name":"C:\\Users\\Azeem\\Documents\\github\\Mcom\\vemtap-workspace\\apps\\backend\\src\\modules\\messaging\\services\\compliance.service.spec.ts","startTime":1771703839600,"status":"passed","summary":""},{"assertionResults":[{"ancestorTitles":["AppController","root"],"duration":9,"failing":false,"failureDetails":[],"failureMessages":[],"fullName":"AppController root should return \"Hello World!\"","invocations":1,"location":null,"numPassingAsserts":1,"retryReasons":[],"startAt":1771703840228,"status":"passed","title":"should return \"Hello World!\""}],"endTime":1771703840238,"message":"","name":"C:\\Users\\Azeem\\Documents\\github\\Mcom\\vemtap-workspace\\apps\\backend\\src\\app.controller.spec.ts","startTime":1771703839688,"status":"passed","summary":""},{"assertionResults":[{"ancestorTitles":["TemplateService","render"],"duration":8,"failing":false,"failureDetails":[],"failureMessages":[],"fullName":"TemplateService render should correctly replace variables in template content","invocations":1,"location":null,"numPassingAsserts":1,"retryReasons":[],"startAt":1771703840257,"status":"passed","title":"should correctly replace variables in template content"},{"ancestorTitles":["TemplateService","createTemplate"],"duration":2,"failing":false,"failureDetails":[],"failureMessages":[],"fullName":"TemplateService createTemplate should successfully create and save a template","invocations":1,"location":null,"numPassingAsserts":3,"retryReasons":[],"startAt":1771703840266,"status":"passed","title":"should successfully create and save a template"}],"endTime":1771703840269,"message":"","name":"C:\\Users\\Azeem\\Documents\\github\\Mcom\\vemtap-workspace\\apps\\backend\\src\\modules\\messaging\\services\\template.service.spec.ts","startTime":1771703839209,"status":"passed","summary":""},{"assertionResults":[{"ancestorTitles":["SurveysService"],"duration":11,"failing":false,"failureDetails":[],"failureMessages":[],"fullName":"SurveysService should be defined","invocations":1,"location":null,"numPassingAsserts":1,"retryReasons":[],"startAt":1771703840253,"status":"passed","title":"should be defined"},{"ancestorTitles":["SurveysService","findByBusiness"],"duration":4,"failing":false,"failureDetails":[],"failureMessages":[],"fullName":"SurveysService findByBusiness should return survey for a business","invocations":1,"location":null,"numPassingAsserts":2,"retryReasons":[],"startAt":1771703840264,"status":"passed","title":"should return survey for a business"},{"ancestorTitles":["SurveysService","createOrUpdate"],"duration":5,"failing":false,"failureDetails":[],"failureMessages":[],"fullName":"SurveysService createOrUpdate should create a new survey if not exists","invocations":1,"location":null,"numPassingAsserts":4,"retryReasons":[],"startAt":1771703840268,"status":"passed","title":"should create a new survey if not exists"},{"ancestorTitles":["SurveysService","createOrUpdate"],"duration":3,"failing":false,"failureDetails":[],"failureMessages":[],"fullName":"SurveysService createOrUpdate should update existing survey","invocations":1,"location":null,"numPassingAsserts":3,"retryReasons":[],"startAt":1771703840274,"status":"passed","title":"should update existing survey"}],"endTime":1771703840278,"message":"","name":"C:\\Users\\Azeem\\Documents\\github\\Mcom\\vemtap-workspace\\apps\\backend\\src\\modules\\surveys\\surveys.service.spec.ts","startTime":1771703839165,"status":"passed","summary":""},{"assertionResults":[{"ancestorTitles":["NotificationsService"],"duration":4,"failing":false,"failureDetails":[],"failureMessages":[],"fullName":"NotificationsService should create a notification","invocations":1,"location":null,"numPassingAsserts":2,"retryReasons":[],"startAt":1771703840435,"status":"passed","title":"should create a notification"},{"ancestorTitles":["NotificationsService"],"duration":2,"failing":false,"failureDetails":[],"failureMessages":[],"fullName":"NotificationsService should find notifications by user","invocations":1,"location":null,"numPassingAsserts":2,"retryReasons":[],"startAt":1771703840439,"status":"passed","title":"should find notifications by user"},{"ancestorTitles":["NotificationsService"],"duration":2,"failing":false,"failureDetails":[],"failureMessages":[],"fullName":"NotificationsService should get unread count","invocations":1,"location":null,"numPassingAsserts":1,"retryReasons":[],"startAt":1771703840441,"status":"passed","title":"should get unread count"}],"endTime":1771703840443,"message":"","name":"C:\\Users\\Azeem\\Documents\\github\\Mcom\\vemtap-workspace\\apps\\backend\\src\\modules\\notifications\\notifications.service.spec.ts","startTime":1771703839577,"status":"passed","summary":""},{"assertionResults":[{"ancestorTitles":["CreditService","deduct"],"duration":5,"failing":false,"failureDetails":[],"failureMessages":[],"fullName":"CreditService deduct should deduct credits if balance is sufficient","invocations":1,"location":null,"numPassingAsserts":3,"retryReasons":[],"startAt":1771703840427,"status":"passed","title":"should deduct credits if balance is sufficient"},{"ancestorTitles":["CreditService","deduct"],"duration":10,"failing":false,"failureDetails":[],"failureMessages":[],"fullName":"CreditService deduct should throw BadRequestException if balance is insufficient","invocations":1,"location":null,"numPassingAsserts":2,"retryReasons":[],"startAt":1771703840432,"status":"passed","title":"should throw BadRequestException if balance is insufficient"},{"ancestorTitles":["CreditService","deduct"],"duration":1,"failing":false,"failureDetails":[],"failureMessages":[],"fullName":"CreditService deduct should throw BadRequestException if business is not found","invocations":1,"location":null,"numPassingAsserts":1,"retryReasons":[],"startAt":1771703840442,"status":"passed","title":"should throw BadRequestException if business is not found"}],"endTime":1771703840444,"message":"","name":"C:\\Users\\Azeem\\Documents\\github\\Mcom\\vemtap-workspace\\apps\\backend\\src\\modules\\messaging\\services\\credit.service.spec.ts","startTime":1771703839520,"status":"passed","summary":""}],"wasInterrupted":false}
